YES!
/data/t3home000/bmaier/CASE/VAE_results/events/run_50005/qcd_sig_orig_RECO
[DataReader] read_jet_features_from_dir(): reading 100000000 events from /data/t3home000/bmaier/CASE/VAE_results/events/run_50005/qcd_sig_orig_RECO
2974378 events read in 79 files in dir /data/t3home000/bmaier/CASE/VAE_results/events/run_50005/qcd_sig_orig_RECO
YES!
/data/t3home000/bmaier/CASE/VAE_results/events/run_50005/qcd_sig_orig_RECO
[DataReader] read_jet_features_from_dir(): reading 100000000 events from /data/t3home000/bmaier/CASE/VAE_results/events/run_50005/qcd_sig_orig_RECO
2974378 events read in 79 files in dir /data/t3home000/bmaier/CASE/VAE_results/events/run_50005/qcd_sig_orig_RECO
YES!
/data/t3home000/bmaier/CASE/VAE_results/events/run_50005/qcd_sig_orig_RECO
[DataReader] read_jet_features_from_dir(): reading 100000000 events from /data/t3home000/bmaier/CASE/VAE_results/events/run_50005/qcd_sig_orig_RECO
2974378 events read in 79 files in dir /data/t3home000/bmaier/CASE/VAE_results/events/run_50005/qcd_sig_orig_RECO
YES!
/data/t3home000/bmaier/CASE/VAE_results/events/run_50005/qcd_sig_orig_RECO
[DataReader] read_jet_features_from_dir(): reading 100000000 events from /data/t3home000/bmaier/CASE/VAE_results/events/run_50005/qcd_sig_orig_RECO
2974378 events read in 79 files in dir /data/t3home000/bmaier/CASE/VAE_results/events/run_50005/qcd_sig_orig_RECO
YES!
/data/t3home000/bmaier/CASE/VAE_results/events/run_50005/qcd_sig_orig_RECO
[DataReader] read_jet_features_from_dir(): reading 100000000 events from /data/t3home000/bmaier/CASE/VAE_results/events/run_50005/qcd_sig_orig_RECO
2974378 events read in 79 files in dir /data/t3home000/bmaier/CASE/VAE_results/events/run_50005/qcd_sig_orig_RECO
YES!
/data/t3home000/bmaier/CASE/VAE_results/events/run_50005/XToYYprimeTo4Q_MX3000_MY400_MYprime170_narrow_RECO
[DataReader] read_jet_features_from_dir(): reading all events from /data/t3home000/bmaier/CASE/VAE_results/events/run_50005/XToYYprimeTo4Q_MX3000_MY400_MYprime170_narrow_RECO
95327 events read in 1 files in dir /data/t3home000/bmaier/CASE/VAE_results/events/run_50005/XToYYprimeTo4Q_MX3000_MY400_MYprime170_narrow_RECO
###################

training QR for quantile [0.05, 0.3, 0.5, 0.7, 0.9, 0.95]
###################
Model: "model"
_________________________________________________________________
Layer (type)                 Output Shape              Param #   
=================================================================
input_1 (InputLayer)         [(None, 1)]               0         
_________________________________________________________________
Std_Normalize (StdNormalizat (None, 1)                 0         
_________________________________________________________________
dense (Dense)                (None, 30)                60        
_________________________________________________________________
dense_1 (Dense)              (None, 30)                930       
_________________________________________________________________
dense_2 (Dense)              (None, 30)                930       
_________________________________________________________________
dense_3 (Dense)              (None, 30)                930       
_________________________________________________________________
dense_4 (Dense)              (None, 30)                930       
_________________________________________________________________
dense_5 (Dense)              (None, 6)                 186       
=================================================================
Total params: 3,966
Trainable params: 3,966
Non-trainable params: 0
_________________________________________________________________
Epoch 1/800
1918/1918 - 11s - loss: 0.4490 - val_loss: 0.4172
Epoch 2/800
1918/1918 - 2s - loss: 0.4189 - val_loss: 0.4204
Epoch 3/800
1918/1918 - 3s - loss: 0.4186 - val_loss: 0.4167
Epoch 4/800
1918/1918 - 2s - loss: 0.4184 - val_loss: 0.4170
Epoch 5/800
1918/1918 - 2s - loss: 0.4182 - val_loss: 0.4177
Epoch 6/800
1918/1918 - 2s - loss: 0.4182 - val_loss: 0.4169

Epoch 00006: ReduceLROnPlateau reducing learning rate to 0.00020000000949949026.
Epoch 7/800
1918/1918 - 2s - loss: 0.4175 - val_loss: 0.4164
Epoch 8/800
1918/1918 - 2s - loss: 0.4174 - val_loss: 0.4167
Epoch 9/800
1918/1918 - 2s - loss: 0.4174 - val_loss: 0.4164
Epoch 10/800
1918/1918 - 2s - loss: 0.4175 - val_loss: 0.4162
Epoch 11/800
1918/1918 - 2s - loss: 0.4174 - val_loss: 0.4162
Epoch 12/800
1918/1918 - 2s - loss: 0.4174 - val_loss: 0.4163
Epoch 13/800
1918/1918 - 2s - loss: 0.4174 - val_loss: 0.4162

Epoch 00013: ReduceLROnPlateau reducing learning rate to 4.0000001899898055e-05.
Epoch 14/800
1918/1918 - 2s - loss: 0.4173 - val_loss: 0.4161
Epoch 15/800
1918/1918 - 2s - loss: 0.4173 - val_loss: 0.4161
Epoch 16/800
1918/1918 - 2s - loss: 0.4172 - val_loss: 0.4161
Epoch 17/800
1918/1918 - 2s - loss: 0.4173 - val_loss: 0.4161

Epoch 00017: ReduceLROnPlateau reducing learning rate to 8.000000525498762e-06.
Epoch 18/800
1918/1918 - 2s - loss: 0.4172 - val_loss: 0.4161
Epoch 19/800
1918/1918 - 2s - loss: 0.4172 - val_loss: 0.4161
Epoch 20/800
1918/1918 - 2s - loss: 0.4172 - val_loss: 0.4161

Epoch 00020: ReduceLROnPlateau reducing learning rate to 1.6000001778593287e-06.
Epoch 21/800
1918/1918 - 2s - loss: 0.4172 - val_loss: 0.4161
Epoch 22/800
1918/1918 - 2s - loss: 0.4172 - val_loss: 0.4161
Epoch 23/800
1918/1918 - 2s - loss: 0.4172 - val_loss: 0.4161

Epoch 00023: ReduceLROnPlateau reducing learning rate to 3.200000264769187e-07.
Epoch 24/800
1918/1918 - 2s - loss: 0.4172 - val_loss: 0.4161
Epoch 25/800
1918/1918 - 2s - loss: 0.4172 - val_loss: 0.4161
Epoch 26/800
1918/1918 - 2s - loss: 0.4172 - val_loss: 0.4161

Epoch 00026: ReduceLROnPlateau reducing learning rate to 6.400000529538374e-08.
Epoch 27/800
1918/1918 - 2s - loss: 0.4172 - val_loss: 0.4161
Epoch 28/800
1918/1918 - 2s - loss: 0.4172 - val_loss: 0.4161
Epoch 29/800
1918/1918 - 2s - loss: 0.4172 - val_loss: 0.4161

Epoch 00029: ReduceLROnPlateau reducing learning rate to 1.2800001059076749e-08.
Epoch 30/800
1918/1918 - 2s - loss: 0.4172 - val_loss: 0.4161
Epoch 31/800
1918/1918 - 2s - loss: 0.4172 - val_loss: 0.4161
Epoch 00031: early stopping
YES!
/data/t3home000/bmaier/CASE/VAE_results/events/run_50005/qcd_sig_orig_RECO
[DataReader] read_jet_features_from_dir(): reading 100000000 events from /data/t3home000/bmaier/CASE/VAE_results/events/run_50005/qcd_sig_orig_RECO
2974378 events read in 79 files in dir /data/t3home000/bmaier/CASE/VAE_results/events/run_50005/qcd_sig_orig_RECO
YES!
/data/t3home000/bmaier/CASE/VAE_results/events/run_50005/XToYYprimeTo4Q_MX3000_MY400_MYprime170_narrow_RECO
[DataReader] read_jet_features_from_dir(): reading all events from /data/t3home000/bmaier/CASE/VAE_results/events/run_50005/XToYYprimeTo4Q_MX3000_MY400_MYprime170_narrow_RECO
95327 events read in 1 files in dir /data/t3home000/bmaier/CASE/VAE_results/events/run_50005/XToYYprimeTo4Q_MX3000_MY400_MYprime170_narrow_RECO
###################

training QR for quantile [0.05, 0.3, 0.5, 0.7, 0.9, 0.95]
###################
Model: "model_1"
_________________________________________________________________
Layer (type)                 Output Shape              Param #   
=================================================================
input_2 (InputLayer)         [(None, 1)]               0         
_________________________________________________________________
Std_Normalize (StdNormalizat (None, 1)                 0         
_________________________________________________________________
dense_6 (Dense)              (None, 30)                60        
_________________________________________________________________
dense_7 (Dense)              (None, 30)                930       
_________________________________________________________________
dense_8 (Dense)              (None, 30)                930       
_________________________________________________________________
dense_9 (Dense)              (None, 30)                930       
_________________________________________________________________
dense_10 (Dense)             (None, 30)                930       
_________________________________________________________________
dense_11 (Dense)             (None, 6)                 186       
=================================================================
Total params: 3,966
Trainable params: 3,966
Non-trainable params: 0
_________________________________________________________________
Epoch 1/800
1918/1918 - 2s - loss: 0.4542 - val_loss: 0.4211
Epoch 2/800
1918/1918 - 2s - loss: 0.4216 - val_loss: 0.4209
Epoch 3/800
1918/1918 - 2s - loss: 0.4212 - val_loss: 0.4231
Epoch 4/800
1918/1918 - 2s - loss: 0.4209 - val_loss: 0.4221
Epoch 5/800
1918/1918 - 2s - loss: 0.4208 - val_loss: 0.4211

Epoch 00005: ReduceLROnPlateau reducing learning rate to 0.00020000000949949026.
Epoch 6/800
1918/1918 - 2s - loss: 0.4198 - val_loss: 0.4199
Epoch 7/800
1918/1918 - 2s - loss: 0.4199 - val_loss: 0.4196
Epoch 8/800
1918/1918 - 2s - loss: 0.4198 - val_loss: 0.4194
Epoch 9/800
1918/1918 - 2s - loss: 0.4198 - val_loss: 0.4195
Epoch 10/800
1918/1918 - 2s - loss: 0.4198 - val_loss: 0.4195
Epoch 11/800
1918/1918 - 2s - loss: 0.4198 - val_loss: 0.4197

Epoch 00011: ReduceLROnPlateau reducing learning rate to 4.0000001899898055e-05.
Epoch 12/800
1918/1918 - 2s - loss: 0.4196 - val_loss: 0.4192
Epoch 13/800
1918/1918 - 2s - loss: 0.4196 - val_loss: 0.4193
Epoch 14/800
1918/1918 - 2s - loss: 0.4196 - val_loss: 0.4193
Epoch 15/800
1918/1918 - 2s - loss: 0.4196 - val_loss: 0.4192

Epoch 00015: ReduceLROnPlateau reducing learning rate to 8.000000525498762e-06.
Epoch 16/800
1918/1918 - 2s - loss: 0.4195 - val_loss: 0.4192
Epoch 17/800
1918/1918 - 2s - loss: 0.4195 - val_loss: 0.4192
Epoch 18/800
1918/1918 - 2s - loss: 0.4195 - val_loss: 0.4192

Epoch 00018: ReduceLROnPlateau reducing learning rate to 1.6000001778593287e-06.
Epoch 19/800
1918/1918 - 2s - loss: 0.4195 - val_loss: 0.4192
Epoch 20/800
1918/1918 - 2s - loss: 0.4195 - val_loss: 0.4192
Epoch 21/800
1918/1918 - 2s - loss: 0.4195 - val_loss: 0.4192

Epoch 00021: ReduceLROnPlateau reducing learning rate to 3.200000264769187e-07.
Epoch 22/800
1918/1918 - 2s - loss: 0.4195 - val_loss: 0.4192
Epoch 23/800
1918/1918 - 2s - loss: 0.4195 - val_loss: 0.4192
Epoch 24/800
1918/1918 - 2s - loss: 0.4195 - val_loss: 0.4192

Epoch 00024: ReduceLROnPlateau reducing learning rate to 6.400000529538374e-08.
Epoch 25/800
1918/1918 - 2s - loss: 0.4195 - val_loss: 0.4192
Epoch 26/800
1918/1918 - 2s - loss: 0.4195 - val_loss: 0.4192
Epoch 27/800
1918/1918 - 2s - loss: 0.4195 - val_loss: 0.4192

Epoch 00027: ReduceLROnPlateau reducing learning rate to 1.2800001059076749e-08.
Epoch 00027: early stopping
YES!
/data/t3home000/bmaier/CASE/VAE_results/events/run_50005/qcd_sig_orig_RECO
[DataReader] read_jet_features_from_dir(): reading 100000000 events from /data/t3home000/bmaier/CASE/VAE_results/events/run_50005/qcd_sig_orig_RECO
2974378 events read in 79 files in dir /data/t3home000/bmaier/CASE/VAE_results/events/run_50005/qcd_sig_orig_RECO
YES!
/data/t3home000/bmaier/CASE/VAE_results/events/run_50005/XToYYprimeTo4Q_MX3000_MY400_MYprime170_narrow_RECO
[DataReader] read_jet_features_from_dir(): reading all events from /data/t3home000/bmaier/CASE/VAE_results/events/run_50005/XToYYprimeTo4Q_MX3000_MY400_MYprime170_narrow_RECO
95327 events read in 1 files in dir /data/t3home000/bmaier/CASE/VAE_results/events/run_50005/XToYYprimeTo4Q_MX3000_MY400_MYprime170_narrow_RECO
###################

training QR for quantile [0.05, 0.3, 0.5, 0.7, 0.9, 0.95]
###################
Model: "model_2"
_________________________________________________________________
Layer (type)                 Output Shape              Param #   
=================================================================
input_3 (InputLayer)         [(None, 1)]               0         
_________________________________________________________________
Std_Normalize (StdNormalizat (None, 1)                 0         
_________________________________________________________________
dense_12 (Dense)             (None, 30)                60        
_________________________________________________________________
dense_13 (Dense)             (None, 30)                930       
_________________________________________________________________
dense_14 (Dense)             (None, 30)                930       
_________________________________________________________________
dense_15 (Dense)             (None, 30)                930       
_________________________________________________________________
dense_16 (Dense)             (None, 30)                930       
_________________________________________________________________
dense_17 (Dense)             (None, 6)                 186       
=================================================================
Total params: 3,966
Trainable params: 3,966
Non-trainable params: 0
_________________________________________________________________
Epoch 1/800
1918/1918 - 2s - loss: 0.4492 - val_loss: 0.4204
Epoch 2/800
1918/1918 - 2s - loss: 0.4196 - val_loss: 0.4190
Epoch 3/800
1918/1918 - 2s - loss: 0.4192 - val_loss: 0.4176
Epoch 4/800
1918/1918 - 2s - loss: 0.4191 - val_loss: 0.4175
Epoch 5/800
1918/1918 - 2s - loss: 0.4189 - val_loss: 0.4174
Epoch 6/800
1918/1918 - 2s - loss: 0.4187 - val_loss: 0.4176
Epoch 7/800
1918/1918 - 2s - loss: 0.4187 - val_loss: 0.4171
Epoch 8/800
1918/1918 - 2s - loss: 0.4187 - val_loss: 0.4171
Epoch 9/800
1918/1918 - 4s - loss: 0.4186 - val_loss: 0.4187
Epoch 10/800
1918/1918 - 2s - loss: 0.4186 - val_loss: 0.4175

Epoch 00010: ReduceLROnPlateau reducing learning rate to 0.00020000000949949026.
Epoch 11/800
1918/1918 - 3s - loss: 0.4180 - val_loss: 0.4169
Epoch 12/800
1918/1918 - 4s - loss: 0.4180 - val_loss: 0.4168
Epoch 13/800
1918/1918 - 2s - loss: 0.4179 - val_loss: 0.4168
Epoch 14/800
1918/1918 - 2s - loss: 0.4179 - val_loss: 0.4169

Epoch 00014: ReduceLROnPlateau reducing learning rate to 4.0000001899898055e-05.
Epoch 15/800
1918/1918 - 3s - loss: 0.4178 - val_loss: 0.4167
Epoch 16/800
1918/1918 - 4s - loss: 0.4178 - val_loss: 0.4167
Epoch 17/800
1918/1918 - 2s - loss: 0.4178 - val_loss: 0.4168
Epoch 18/800
1918/1918 - 5s - loss: 0.4178 - val_loss: 0.4167

Epoch 00018: ReduceLROnPlateau reducing learning rate to 8.000000525498762e-06.
Epoch 19/800
1918/1918 - 2s - loss: 0.4178 - val_loss: 0.4167
Epoch 20/800
1918/1918 - 3s - loss: 0.4178 - val_loss: 0.4167
Epoch 21/800
1918/1918 - 3s - loss: 0.4178 - val_loss: 0.4167

Epoch 00021: ReduceLROnPlateau reducing learning rate to 1.6000001778593287e-06.
Epoch 22/800
1918/1918 - 2s - loss: 0.4178 - val_loss: 0.4167
Epoch 23/800
1918/1918 - 2s - loss: 0.4178 - val_loss: 0.4167
Epoch 24/800
1918/1918 - 2s - loss: 0.4178 - val_loss: 0.4167

Epoch 00024: ReduceLROnPlateau reducing learning rate to 3.200000264769187e-07.
Epoch 25/800
1918/1918 - 2s - loss: 0.4178 - val_loss: 0.4167
Epoch 26/800
1918/1918 - 2s - loss: 0.4178 - val_loss: 0.4167
Epoch 27/800
1918/1918 - 2s - loss: 0.4178 - val_loss: 0.4167

Epoch 00027: ReduceLROnPlateau reducing learning rate to 6.400000529538374e-08.
Epoch 28/800
1918/1918 - 2s - loss: 0.4178 - val_loss: 0.4167
Epoch 29/800
1918/1918 - 2s - loss: 0.4178 - val_loss: 0.4167
Epoch 30/800
1918/1918 - 2s - loss: 0.4178 - val_loss: 0.4167

Epoch 00030: ReduceLROnPlateau reducing learning rate to 1.2800001059076749e-08.
Epoch 31/800
1918/1918 - 2s - loss: 0.4178 - val_loss: 0.4167
Epoch 00031: early stopping
YES!
/data/t3home000/bmaier/CASE/VAE_results/events/run_50005/qcd_sig_orig_RECO
[DataReader] read_jet_features_from_dir(): reading 100000000 events from /data/t3home000/bmaier/CASE/VAE_results/events/run_50005/qcd_sig_orig_RECO
2974378 events read in 79 files in dir /data/t3home000/bmaier/CASE/VAE_results/events/run_50005/qcd_sig_orig_RECO
YES!
/data/t3home000/bmaier/CASE/VAE_results/events/run_50005/XToYYprimeTo4Q_MX3000_MY400_MYprime170_narrow_RECO
[DataReader] read_jet_features_from_dir(): reading all events from /data/t3home000/bmaier/CASE/VAE_results/events/run_50005/XToYYprimeTo4Q_MX3000_MY400_MYprime170_narrow_RECO
95327 events read in 1 files in dir /data/t3home000/bmaier/CASE/VAE_results/events/run_50005/XToYYprimeTo4Q_MX3000_MY400_MYprime170_narrow_RECO
###################

training QR for quantile [0.05, 0.3, 0.5, 0.7, 0.9, 0.95]
###################
Model: "model_3"
_________________________________________________________________
Layer (type)                 Output Shape              Param #   
=================================================================
input_4 (InputLayer)         [(None, 1)]               0         
_________________________________________________________________
Std_Normalize (StdNormalizat (None, 1)                 0         
_________________________________________________________________
dense_18 (Dense)             (None, 30)                60        
_________________________________________________________________
dense_19 (Dense)             (None, 30)                930       
_________________________________________________________________
dense_20 (Dense)             (None, 30)                930       
_________________________________________________________________
dense_21 (Dense)             (None, 30)                930       
_________________________________________________________________
dense_22 (Dense)             (None, 30)                930       
_________________________________________________________________
dense_23 (Dense)             (None, 6)                 186       
=================================================================
Total params: 3,966
Trainable params: 3,966
Non-trainable params: 0
_________________________________________________________________
Epoch 1/800
1918/1918 - 2s - loss: 0.4495 - val_loss: 0.4218
Epoch 2/800
1918/1918 - 2s - loss: 0.4198 - val_loss: 0.4219
Epoch 3/800
1918/1918 - 2s - loss: 0.4195 - val_loss: 0.4211
Epoch 4/800
1918/1918 - 2s - loss: 0.4192 - val_loss: 0.4212
Epoch 5/800
1918/1918 - 2s - loss: 0.4189 - val_loss: 0.4205
Epoch 6/800
1918/1918 - 2s - loss: 0.4188 - val_loss: 0.4204
Epoch 7/800
1918/1918 - 2s - loss: 0.4187 - val_loss: 0.4200
Epoch 8/800
1918/1918 - 2s - loss: 0.4186 - val_loss: 0.4198
Epoch 9/800
1918/1918 - 2s - loss: 0.4186 - val_loss: 0.4203
Epoch 10/800
1918/1918 - 2s - loss: 0.4186 - val_loss: 0.4201
Epoch 11/800
1918/1918 - 2s - loss: 0.4185 - val_loss: 0.4208

Epoch 00011: ReduceLROnPlateau reducing learning rate to 0.00020000000949949026.
Epoch 12/800
1918/1918 - 2s - loss: 0.4179 - val_loss: 0.4196
Epoch 13/800
1918/1918 - 2s - loss: 0.4179 - val_loss: 0.4196
Epoch 14/800
1918/1918 - 2s - loss: 0.4179 - val_loss: 0.4197
Epoch 15/800
1918/1918 - 2s - loss: 0.4179 - val_loss: 0.4196

Epoch 00015: ReduceLROnPlateau reducing learning rate to 4.0000001899898055e-05.
Epoch 16/800
1918/1918 - 2s - loss: 0.4178 - val_loss: 0.4196
Epoch 17/800
1918/1918 - 2s - loss: 0.4178 - val_loss: 0.4195
Epoch 18/800
1918/1918 - 2s - loss: 0.4178 - val_loss: 0.4195

Epoch 00018: ReduceLROnPlateau reducing learning rate to 8.000000525498762e-06.
Epoch 19/800
1918/1918 - 2s - loss: 0.4177 - val_loss: 0.4195
Epoch 20/800
1918/1918 - 2s - loss: 0.4177 - val_loss: 0.4195
Epoch 21/800
1918/1918 - 2s - loss: 0.4177 - val_loss: 0.4195

Epoch 00021: ReduceLROnPlateau reducing learning rate to 1.6000001778593287e-06.
Epoch 22/800
1918/1918 - 2s - loss: 0.4177 - val_loss: 0.4195
Epoch 23/800
1918/1918 - 2s - loss: 0.4177 - val_loss: 0.4195
Epoch 24/800
1918/1918 - 2s - loss: 0.4177 - val_loss: 0.4195

Epoch 00024: ReduceLROnPlateau reducing learning rate to 3.200000264769187e-07.
Epoch 25/800
1918/1918 - 2s - loss: 0.4177 - val_loss: 0.4195
Epoch 26/800
1918/1918 - 2s - loss: 0.4177 - val_loss: 0.4195
Epoch 27/800
1918/1918 - 2s - loss: 0.4177 - val_loss: 0.4195

Epoch 00027: ReduceLROnPlateau reducing learning rate to 6.400000529538374e-08.
Epoch 00027: early stopping
#####
quantile 95
fold 0
#####
c0 = 1.4401324002113478 +/- 0.09683766990265691
c1 = 0.002490385320844479 +/- 0.00023615527990537366
c2 = -2.418839626835685e-06 +/- 2.3223918255981622e-07
c3 = 1.313024905199458e-09 +/- 1.176521365579181e-10
c4 = -3.4771893252792235e-13 +/- 3.2327123056428716e-14
c5 = 5.126448719520681e-17 +/- 4.561977230968549e-18
c6 = -3.0220541377494346e-21 +/- 2.5814355413799207e-22
#####
quantile 70
fold 0
#####
c0 = 2.886335142371864 +/- 0.10715628067914063
c1 = -0.00025092749946209675 +/- 0.0002613189785322305
c2 = 1.2083010504105803e-07 +/- 2.5698553464384025e-07
c3 = 2.737639291889305e-10 +/- 1.3018855067620027e-10
c4 = -1.3750929186666556e-13 +/- 3.5771713027331364e-14
c5 = 3.8326691215352055e-17 +/- 5.0480710101483e-18
c6 = -3.3043265883633625e-21 +/- 2.856493730930271e-22
#####
quantile 50
fold 0
#####
c0 = 3.722371160611146 +/- 0.14876379791235994
c1 = -0.0019864461935313825 +/- 0.0003627859266733398
c2 = 2.028141921702948e-06 +/- 3.5676981365590774e-07
c3 = -6.608274370140516e-10 +/- 1.8073914906431793e-10
c4 = 1.0469095738582209e-13 +/- 4.966143495584875e-14
c5 = 1.0305890586011408e-17 +/- 7.008177580746949e-18
c6 = -2.0872764029548374e-21 +/- 3.9656376140701063e-22
#####
quantile 30
fold 0
#####
c0 = 0.3613148157689455 +/- 0.2110761591128327
c1 = 0.006830937116845855 +/- 0.0005147448241904354
c2 = -6.630314887687096e-06 +/- 5.062083911994921e-07
c3 = 3.964159645370556e-09 +/- 2.5644440090763075e-10
c4 = -1.2378284861302349e-12 +/- 7.046282591715534e-14
c5 = 2.128776443376984e-16 +/- 9.943647781584958e-18
c6 = -1.4084887211033885e-20 +/- 5.626697076518351e-22
#####
quantile 10
fold 0
#####
c0 = -3.775405205627635 +/- 0.49579890049695485
c1 = 0.015972517895356298 +/- 0.0012090908484608713
c2 = -1.3468580458198485e-05 +/- 1.1890410046298967e-06
c3 = 7.113285370860735e-09 +/- 6.023670634979707e-10
c4 = -2.0638071179885253e-12 +/- 1.6551163149810536e-13
c5 = 3.3711113757277933e-16 +/- 2.3356870149939062e-17
c6 = -2.1679613667144845e-20 +/- 1.3216695147095844e-21
#####
quantile 5
fold 0
#####
c0 = -12.24398683700853 +/- 0.7785439897515105
c1 = 0.03293225098880284 +/- 0.0018986128508750666
c2 = -2.5493000761737893e-05 +/- 1.8671282531302383e-06
c3 = 1.141974891321792e-08 +/- 9.458849978601578e-10
c4 = -2.7943982503133727e-12 +/- 2.5989947960602174e-13
c5 = 3.89089951232172e-16 +/- 3.667678562222642e-17
c6 = -2.2249355699569755e-20 +/- 2.0753875482784726e-21
YES!
written data sample to /data/t3home000/bmaier/CASE/QR_results/events/run_50005/sig_XToYYprimeTo4Q_MX3000_MY400_MYprime170_narrowReco/xsec_0/loss_rk5_05/sig_MCOrig_QR_Reco_fold_0.h5
#####
quantile 95
fold 1
#####
c0 = 4.005011851458158 +/- 0.10114916381517157
c1 = -0.003642084094992181 +/- 0.000246669673999005
c2 = 3.4337541315648183e-06 +/- 2.4257929605571304e-07
c3 = -1.5279710731807448e-09 +/- 1.22890464087797e-10
c4 = 3.8876393259861974e-13 +/- 3.3766460903341514e-14
c5 = -4.4974540961268277e-17 +/- 4.765096759430985e-18
c6 = 1.91307911959241e-21 +/- 2.696373229453287e-22
#####
quantile 70
fold 1
#####
c0 = 3.9714970960909 +/- 0.10713351985055011
c1 = -0.002365244638982265 +/- 0.0002612634447778608
c2 = 1.630873961686501e-06 +/- 2.5693095985836307e-07
c3 = -1.8982376178059314e-10 +/- 1.3016095350042589e-10
c4 = -9.197887916193936e-14 +/- 3.576415085383447e-14
c5 = 4.2372010059862156e-17 +/- 5.0470072518257216e-18
c6 = -3.977707795045364e-21 +/- 2.8558937382863887e-22
#####
quantile 50
fold 1
#####
c0 = 5.920428101708276 +/- 0.15545690138764484
c1 = -0.006611144850224031 +/- 0.000379108167767171
c2 = 5.774050658824302e-06 +/- 3.7282136740895223e-07
c3 = -2.1260864024922957e-09 +/- 1.8887085912939168e-10
c4 = 3.876739795619029e-13 +/- 5.1895781191313677e-14
c5 = -1.3908089012190343e-17 +/- 7.323488479186108e-18
c6 = -1.4400127183750333e-21 +/- 4.1440606172786223e-22
#####
quantile 30
fold 1
#####
c0 = 6.233704485144133 +/- 0.20512199406291928
c1 = -0.007200332122854776 +/- 0.0005002249751097502
c2 = 6.724961137849088e-06 +/- 4.919292486398434e-07
c3 = -2.493328490047337e-09 +/- 2.4921027810113744e-10
c4 = 4.2966275126581644e-13 +/- 6.84749384414054e-14
c5 = -4.9801371233056485e-18 +/- 9.663080521899434e-18
c6 = -2.8010874990715697e-21 +/- 5.467906107107069e-22
#####
quantile 10
fold 1
#####
c0 = 6.049308268064954 +/- 0.4501887159044976
c1 = -0.006033793093600048 +/- 0.0010978621031083947
c2 = 6.2477556862135185e-06 +/- 1.0796562885196503e-06
c3 = -1.9407961518723363e-09 +/- 5.469526740871765e-10
c4 = 1.9107037306534292e-13 +/- 1.5028544546154075e-13
c5 = 4.7473324434142964e-17 +/- 2.1208157129248846e-17
c6 = -6.710864229243899e-21 +/- 1.2000824260801231e-21
#####
quantile 5
fold 1
#####
c0 = 6.620245098408367 +/- 0.7660902343568673
c1 = -0.007710637345310761 +/- 0.0018682420315004268
c2 = 9.312379913234842e-06 +/- 1.8372610000801523e-06
c3 = -3.746011212722118e-09 +/- 9.307543172244077e-10
c4 = 7.578826729991446e-13 +/- 2.55742058382041e-13
c5 = -3.593025308302774e-17 +/- 3.6090096767143115e-17
c6 = -1.9702522064759506e-21 +/- 2.0421893046641056e-21
YES!
written data sample to /data/t3home000/bmaier/CASE/QR_results/events/run_50005/sig_XToYYprimeTo4Q_MX3000_MY400_MYprime170_narrowReco/xsec_0/loss_rk5_05/sig_MCOrig_QR_Reco_fold_1.h5
#####
quantile 95
fold 2
#####
c0 = 3.6464842717852313 +/- 0.0984879310005715
c1 = -0.002759936560479591 +/- 0.0002401795244264112
c2 = 2.515884066185942e-06 +/- 2.3619651434682764e-07
c3 = -1.0159625510831108e-09 +/- 1.1965683533514649e-10
c4 = 2.2970084597238314e-13 +/- 3.2877932490269626e-14
c5 = -1.9255338542759534e-17 +/- 4.639704695138331e-18
c6 = 2.512560990437402e-22 +/- 2.6254171500991105e-22
#####
quantile 70
fold 2
#####
c0 = 2.9924932746737376 +/- 0.11753491896599931
c1 = -5.982267184026502e-05 +/- 0.00028663175869423295
c2 = -5.213513366623834e-07 +/- 2.818812036134001e-07
c3 = 8.285666571096971e-10 +/- 1.428019079361359e-10
c4 = -3.5134735476411967e-13 +/- 3.9237753428687664e-14
c5 = 7.692763550458663e-17 +/- 5.5372252878600484e-18
c6 = -5.946377032536618e-21 +/- 3.133295673866372e-22
#####
quantile 50
fold 2
#####
c0 = 3.9401724287161466 +/- 0.16962237870188004
c1 = -0.0015764602970590447 +/- 0.00041365331929605416
c2 = 6.424003453409341e-07 +/- 4.067938389502378e-07
c3 = 5.492676802116814e-10 +/- 2.06081349195632e-10
c4 = -3.631813829453514e-13 +/- 5.662469832260763e-14
c5 = 9.362748986803817e-17 +/- 7.99083057137022e-18
c6 = -7.602863366264181e-21 +/- 4.521682264492944e-22
#####
quantile 30
fold 2
#####
c0 = 5.279163852331575 +/- 0.23807088251022093
c1 = -0.004237144094130514 +/- 0.0005805762254458735
c2 = 3.1263865359214827e-06 +/- 5.70948174107907e-07
c3 = -3.057826914486556e-10 +/- 2.892415069895821e-10
c4 = -2.717526717752525e-13 +/- 7.947444165401044e-14
c5 = 1.0751563678426579e-16 +/- 1.1215360378142676e-17
c6 = -9.851711688800625e-21 +/- 6.346308176796679e-22
#####
quantile 10
fold 2
#####
c0 = 4.167638889452291 +/- 0.4473686950636345
c1 = -0.001648133804964885 +/- 0.0010909848244039814
c2 = 1.7276271711009995e-06 +/- 1.0728928694147308e-06
c3 = 6.66043249156894e-10 +/- 5.435262453443693e-10
c4 = -6.635025989369865e-13 +/- 1.4934395026248907e-13
c5 = 1.9240329376525795e-16 +/- 2.1075291584245767e-17
c6 = -1.6324968377558522e-20 +/- 1.192563965473077e-21
#####
quantile 5
fold 2
#####
c0 = 4.6726267600887725 +/- 0.7580574728831674
c1 = -0.0023693590812686217 +/- 0.0018486531601308173
c2 = 2.770470338296267e-06 +/- 1.8179973155116141e-06
c3 = 5.576189876327912e-10 +/- 9.209955083723224e-10
c4 = -7.668290596728485e-13 +/- 2.5306068993959617e-13
c5 = 2.3268555580398367e-16 +/- 3.571171283878601e-17
c6 = -2.0118724094083678e-20 +/- 2.0207787603863705e-21
YES!
written data sample to /data/t3home000/bmaier/CASE/QR_results/events/run_50005/sig_XToYYprimeTo4Q_MX3000_MY400_MYprime170_narrowReco/xsec_0/loss_rk5_05/sig_MCOrig_QR_Reco_fold_2.h5
#####
quantile 95
fold 3
#####
c0 = 3.3945729564229454 +/- 0.08195517547162828
c1 = -0.002193449006138569 +/- 0.0001998620435549538
c2 = 2.0105307833320556e-06 +/- 1.965481753401473e-07
c3 = -7.887948788350596e-10 +/- 9.957133717871222e-11
c4 = 1.7701759809547795e-13 +/- 2.7359150417249802e-14
c5 = -1.3669648468364475e-17 +/- 3.860909143991163e-18
c6 = 5.793307975585377e-23 +/- 2.1847331725503843e-22
#####
quantile 70
fold 3
#####
c0 = 3.334436228908539 +/- 0.11429788698629871
c1 = -0.0010043065588119099 +/- 0.0002787349011044839
c2 = 4.7406668199229856e-07 +/- 2.741126019507911e-07
c3 = 3.193147831591381e-10 +/- 1.3886510525277688e-10
c4 = -2.1875069988599907e-13 +/- 3.81557659032062e-14
c5 = 6.024065634183949e-17 +/- 5.3845082130787554e-18
c6 = -5.150539326067142e-21 +/- 3.046870784043236e-22
#####
quantile 50
fold 3
#####
c0 = 5.7116976896631675 +/- 0.13843088492822886
c1 = -0.006142155825769195 +/- 0.0003375856044207019
c2 = 5.318443383723903e-06 +/- 3.31985820538952e-07
c3 = -1.866972199715809e-09 +/- 1.6818292161421286e-10
c4 = 2.963189720357723e-13 +/- 4.62112222500377e-14
c5 = 4.015848295636507e-18 +/- 6.521269374042083e-18
c6 = -2.8991778053052786e-21 +/- 3.690109185296058e-22
#####
quantile 30
fold 3
#####
c0 = 4.821143044507344 +/- 0.21857709754674845
c1 = -0.0028767736436331446 +/- 0.0005330378626386223
c2 = 1.595946003697745e-06 +/- 5.241987229300156e-07
c3 = 5.552231765788454e-10 +/- 2.6555856547662703e-10
c4 = -5.323503372252436e-13 +/- 7.296717796831203e-14
c5 = 1.4808036486141796e-16 +/- 1.029706790117727e-17
c6 = -1.2382768634981387e-20 +/- 5.826686889313556e-22
#####
quantile 10
fold 3
#####
c0 = 6.567972613062754 +/- 0.4462260037189059
c1 = -0.007784271061918201 +/- 0.0010882003168030219
c2 = 8.353542865223124e-06 +/- 1.0701567843515456e-06
c3 = -3.0949300744517437e-09 +/- 5.421413475552399e-10
c4 = 4.85617956554653e-13 +/- 1.489637645299125e-13
c5 = 1.693181610956866e-17 +/- 2.1021689518852264e-17
c6 = -6.016356405065783e-21 +/- 1.1895337060194894e-21
#####
quantile 5
fold 3
#####
c0 = 15.839318051675107 +/- 0.8032695601889569
c1 = -0.03142137688678484 +/- 0.0019589101402535496
c2 = 3.3320938347182026e-05 +/- 1.9264255916141235e-06
c3 = -1.5871088770989398e-08 +/- 9.759250015512364e-10
c4 = 3.944433021146243e-12 +/- 2.6815356761861565e-13
c5 = -4.450719053287629e-16 +/- 3.784160448917901e-17
c6 = 1.7983595772716997e-20 +/- 2.1413005207724776e-21
YES!
written data sample to /data/t3home000/bmaier/CASE/QR_results/events/run_50005/sig_XToYYprimeTo4Q_MX3000_MY400_MYprime170_narrowReco/xsec_0/loss_rk5_05/sig_MCOrig_QR_Reco_fold_3.h5
YES!
written data sample to /data/t3home000/bmaier/CASE/QR_results/events/run_50005/sig_XToYYprimeTo4Q_MX3000_MY400_MYprime170_narrowReco/xsec_0/loss_rk5_05/sig_MCOrig_QR_Reco.h5
YES!
written data sample to /data/t3home000/bmaier/CASE/QR_results/events/run_50005/sig_XToYYprimeTo4Q_MX3000_MY400_MYprime170_narrowReco/xsec_0/loss_rk5_05/XToYYprimeTo4Q_MX3000_MY400_MYprime170_narrowReco.h5
