**************************************************
comparing qcdSigAll samples in /eos/project/d/dshep/TOPCLASS/DijetAnomaly/VAE_results/run_101/sample_results/minl1l2_loss/q1 and /eos/project/d/dshep/TOPCLASS/DijetAnomaly/VAE_results/run_101/sample_results/minl1l2_loss/q10
**************************************************
reading /eos/project/d/dshep/TOPCLASS/DijetAnomaly/VAE_results/run_101/sample_results/minl1l2_loss/q1/qcd_sqrtshatTeV_13TeV_PU40_ALL_parts

3725780 events read in 1 files in dir /eos/project/d/dshep/TOPCLASS/DijetAnomaly/VAE_results/run_101/sample_results/minl1l2_loss/q1/qcd_sqrtshatTeV_13TeV_PU40_ALL_parts
reading /eos/project/d/dshep/TOPCLASS/DijetAnomaly/VAE_results/run_101/sample_results/minl1l2_loss/q10/qcd_sqrtshatTeV_13TeV_PU40_ALL_parts

3725780 events read in 1 files in dir /eos/project/d/dshep/TOPCLASS/DijetAnomaly/VAE_results/run_101/sample_results/minl1l2_loss/q10/qcd_sqrtshatTeV_13TeV_PU40_ALL_parts
-- this:  [[1108.182  546.972    1.051    3.099   75.414  881.057  446.67    39.728
   450.649    0.951   -3.091   22.522   20.266   13.187   70.788   15.3
    72.218]
 [1291.446  578.3      1.051   -1.452  162.15   941.967  550.825   83.183
   558.298    0.983   -3.1     26.438   21.292   14.694   65.982   19.874
    65.635]
 [1111.643  566.449   -1.649    0.855   94.678 1531.329  527.019   90.955
  1660.507    0.164   -3.085   24.804   30.718   24.206   65.125   18.051
    67.526]
 [2091.518  944.694   -0.199   -2.214  -76.762  960.343  806.529  196.133
  1305.676   -1.246    2.836   27.154   30.372   23.656   67.159   19.834
    73.195]]
-- other:  [[1108.182  546.972    1.051    3.099   75.414  881.057  446.67    39.728
   450.649    0.951   -3.091   22.522   20.266   13.187   70.788   15.3
    72.218]
 [1291.446  578.3      1.051   -1.452  162.15   941.967  550.825   83.183
   558.298    0.983   -3.1     26.438   21.292   14.694   65.982   19.874
    65.635]
 [1111.643  566.449   -1.649    0.855   94.678 1531.329  527.019   90.955
  1660.507    0.164   -3.085   24.804   30.718   24.206   65.125   18.051
    67.526]
 [2091.518  944.694   -0.199   -2.214  -76.762  960.343  806.529  196.133
  1305.676   -1.246    2.836   27.154   30.372   23.656   67.159   19.834
    73.195]]
examples all equal:  True
******************************
/eos/project/d/dshep/TOPCLASS/DijetAnomaly/VAE_results/run_101/sample_results/minl1l2_loss/q1 == /eos/project/d/dshep/TOPCLASS/DijetAnomaly/VAE_results/run_101/sample_results/minl1l2_loss/q10: True
**************************************************
comparing GtoWW15na samples in /eos/project/d/dshep/TOPCLASS/DijetAnomaly/VAE_results/run_101/sample_results/minl1l2_loss/q1 and /eos/project/d/dshep/TOPCLASS/DijetAnomaly/VAE_results/run_101/sample_results/minl1l2_loss/q10
**************************************************
reading /eos/project/d/dshep/TOPCLASS/DijetAnomaly/VAE_results/run_101/sample_results/minl1l2_loss/q1/RSGraviton_WW_NARROW_13TeV_PU40_1.5TeV_parts

448032 events read in 1 files in dir /eos/project/d/dshep/TOPCLASS/DijetAnomaly/VAE_results/run_101/sample_results/minl1l2_loss/q1/RSGraviton_WW_NARROW_13TeV_PU40_1.5TeV_parts
reading /eos/project/d/dshep/TOPCLASS/DijetAnomaly/VAE_results/run_101/sample_results/minl1l2_loss/q10/RSGraviton_WW_NARROW_13TeV_PU40_1.5TeV_parts

448032 events read in 1 files in dir /eos/project/d/dshep/TOPCLASS/DijetAnomaly/VAE_results/run_101/sample_results/minl1l2_loss/q10/RSGraviton_WW_NARROW_13TeV_PU40_1.5TeV_parts
-- this:  [[1372.706  666.351   -1.305   -1.437   86.553 1322.164  584.239  222.799
   739.759   -0.672    3.004   42.459   43.04    36.393   66.47    35.813
    66.467]
 [1268.367  706.43    -0.096   -1.049   87.86   715.135  544.554   59.034
   566.211   -0.357    3.085   30.945   20.389   13.745   66.441   24.143
    68.013]
 [1405.917  682.891    0.664    2.829   60.165  841.405  573.197   -2.282
   601.74     0.979    3.087   77.54    25.031   18.346   66.848   70.445
    70.955]
 [1573.958  646.982   -1.806    3.098  113.341 2024.324  640.655  135.702
   755.036   -1.248   -3.103   22.054   36.876   30.132   67.442   15.153
    69.006]]
-- other:  [[1372.706  666.351   -1.305   -1.437   86.553 1322.164  584.239  222.799
   739.759   -0.672    3.004   42.459   43.04    36.393   66.47    35.813
    66.467]
 [1268.367  706.43    -0.096   -1.049   87.86   715.135  544.554   59.034
   566.211   -0.357    3.085   30.945   20.389   13.745   66.441   24.143
    68.013]
 [1405.917  682.891    0.664    2.829   60.165  841.405  573.197   -2.282
   601.74     0.979    3.087   77.54    25.031   18.346   66.848   70.445
    70.955]
 [1573.958  646.982   -1.806    3.098  113.341 2024.324  640.655  135.702
   755.036   -1.248   -3.103   22.054   36.876   30.132   67.442   15.153
    69.006]]
examples all equal:  True
******************************
/eos/project/d/dshep/TOPCLASS/DijetAnomaly/VAE_results/run_101/sample_results/minl1l2_loss/q1 == /eos/project/d/dshep/TOPCLASS/DijetAnomaly/VAE_results/run_101/sample_results/minl1l2_loss/q10: True
**************************************************
comparing GtoWW25na samples in /eos/project/d/dshep/TOPCLASS/DijetAnomaly/VAE_results/run_101/sample_results/minl1l2_loss/q1 and /eos/project/d/dshep/TOPCLASS/DijetAnomaly/VAE_results/run_101/sample_results/minl1l2_loss/q10
**************************************************
reading /eos/project/d/dshep/TOPCLASS/DijetAnomaly/VAE_results/run_101/sample_results/minl1l2_loss/q1/RSGraviton_WW_NARROW_13TeV_PU40_2.5TeV_parts

512505 events read in 1 files in dir /eos/project/d/dshep/TOPCLASS/DijetAnomaly/VAE_results/run_101/sample_results/minl1l2_loss/q1/RSGraviton_WW_NARROW_13TeV_PU40_2.5TeV_parts
reading /eos/project/d/dshep/TOPCLASS/DijetAnomaly/VAE_results/run_101/sample_results/minl1l2_loss/q10/RSGraviton_WW_NARROW_13TeV_PU40_2.5TeV_parts

512505 events read in 1 files in dir /eos/project/d/dshep/TOPCLASS/DijetAnomaly/VAE_results/run_101/sample_results/minl1l2_loss/q10/RSGraviton_WW_NARROW_13TeV_PU40_2.5TeV_parts
-- this:  [[2565.459 1156.016   -1.114   -0.9    121.74  1954.026 1137.026   96.231
  1156.253   -0.95     3.088   49.295   27.946   18.167   97.781   41.247
    80.478]
 [2483.967 1250.741    0.014    1.095  -37.751 1250.291  989.704  202.721
  1479.073   -0.931   -3.069   70.637   36.642   29.085   75.578   63.353
    72.842]
 [2418.78  1194.623    0.044    2.593  107.59  1200.589 1066.271  -62.092
  1342.824    0.751   -3.035   90.443  226.225  219.046   71.789   83.161
    72.822]
 [2534.646 1345.082    0.708   -1.971   55.075 1697.491 1199.08    53.22
  1308.389    0.286   -2.814   45.41    88.901   80.441   84.6     35.555
    98.55 ]]
-- other:  [[2565.459 1156.016   -1.114   -0.9    121.74  1954.026 1137.026   96.231
  1156.253   -0.95     3.088   49.295   27.946   18.167   97.781   41.247
    80.478]
 [2483.967 1250.741    0.014    1.095  -37.751 1250.291  989.704  202.721
  1479.073   -0.931   -3.069   70.637   36.642   29.085   75.578   63.353
    72.842]
 [2418.78  1194.623    0.044    2.593  107.59  1200.589 1066.271  -62.092
  1342.824    0.751   -3.035   90.443  226.225  219.046   71.789   83.161
    72.822]
 [2534.646 1345.082    0.708   -1.971   55.075 1697.491 1199.08    53.22
  1308.389    0.286   -2.814   45.41    88.901   80.441   84.6     35.555
    98.55 ]]
examples all equal:  True
******************************
/eos/project/d/dshep/TOPCLASS/DijetAnomaly/VAE_results/run_101/sample_results/minl1l2_loss/q1 == /eos/project/d/dshep/TOPCLASS/DijetAnomaly/VAE_results/run_101/sample_results/minl1l2_loss/q10: True
**************************************************
comparing GtoWW35na samples in /eos/project/d/dshep/TOPCLASS/DijetAnomaly/VAE_results/run_101/sample_results/minl1l2_loss/q1 and /eos/project/d/dshep/TOPCLASS/DijetAnomaly/VAE_results/run_101/sample_results/minl1l2_loss/q10
**************************************************
reading /eos/project/d/dshep/TOPCLASS/DijetAnomaly/VAE_results/run_101/sample_results/minl1l2_loss/q1/RSGraviton_WW_NARROW_13TeV_PU40_3.5TeV_parts

515489 events read in 1 files in dir /eos/project/d/dshep/TOPCLASS/DijetAnomaly/VAE_results/run_101/sample_results/minl1l2_loss/q1/RSGraviton_WW_NARROW_13TeV_PU40_3.5TeV_parts
reading /eos/project/d/dshep/TOPCLASS/DijetAnomaly/VAE_results/run_101/sample_results/minl1l2_loss/q10/RSGraviton_WW_NARROW_13TeV_PU40_3.5TeV_parts

515489 events read in 1 files in dir /eos/project/d/dshep/TOPCLASS/DijetAnomaly/VAE_results/run_101/sample_results/minl1l2_loss/q10/RSGraviton_WW_NARROW_13TeV_PU40_3.5TeV_parts
-- this:  [[3596.846 1763.749   -0.385   -1.632  -79.755 1894.133 1647.775   93.098
  2633.631    0.66    -3.124  633.647  195.505  187.126   83.793  625.453
    81.932]
 [3555.38  1930.194    0.284   -3.053  127.395 2012.483 1709.253   90.21
  1771.561    0.02     2.71   399.991  259.342  249.653   96.893  391.453
    85.384]
 [3334.696 1646.915    0.779    0.368   57.281 2173.318 1601.356   68.288
  1687.648    0.455   -3.126  320.552  126.139  117.972   81.665  313.165
    73.871]
 [2712.361 1594.837   -0.212    0.805  100.466 1633.794 1091.134  -56.295
  1131.674   -0.488   -2.998  166.45   116.398  108.404   79.942  157.85
    85.995]]
-- other:  [[3596.846 1763.749   -0.385   -1.632  -79.755 1894.133 1647.775   93.098
  2633.631    0.66    -3.124  633.647  195.505  187.126   83.793  625.453
    81.932]
 [3555.38  1930.194    0.284   -3.053  127.395 2012.483 1709.253   90.21
  1771.561    0.02     2.71   399.991  259.342  249.653   96.893  391.453
    85.384]
 [3334.696 1646.915    0.779    0.368   57.281 2173.318 1601.356   68.288
  1687.648    0.455   -3.126  320.552  126.139  117.972   81.665  313.165
    73.871]
 [2712.361 1594.837   -0.212    0.805  100.466 1633.794 1091.134  -56.295
  1131.674   -0.488   -2.998  166.45   116.398  108.404   79.942  157.85
    85.995]]
examples all equal:  True
******************************
/eos/project/d/dshep/TOPCLASS/DijetAnomaly/VAE_results/run_101/sample_results/minl1l2_loss/q1 == /eos/project/d/dshep/TOPCLASS/DijetAnomaly/VAE_results/run_101/sample_results/minl1l2_loss/q10: True
**************************************************
comparing GtoWW45na samples in /eos/project/d/dshep/TOPCLASS/DijetAnomaly/VAE_results/run_101/sample_results/minl1l2_loss/q1 and /eos/project/d/dshep/TOPCLASS/DijetAnomaly/VAE_results/run_101/sample_results/minl1l2_loss/q10
**************************************************
reading /eos/project/d/dshep/TOPCLASS/DijetAnomaly/VAE_results/run_101/sample_results/minl1l2_loss/q1/RSGraviton_WW_NARROW_13TeV_PU40_4.5TeV_parts

432356 events read in 1 files in dir /eos/project/d/dshep/TOPCLASS/DijetAnomaly/VAE_results/run_101/sample_results/minl1l2_loss/q1/RSGraviton_WW_NARROW_13TeV_PU40_4.5TeV_parts
reading /eos/project/d/dshep/TOPCLASS/DijetAnomaly/VAE_results/run_101/sample_results/minl1l2_loss/q10/RSGraviton_WW_NARROW_13TeV_PU40_4.5TeV_parts

432356 events read in 1 files in dir /eos/project/d/dshep/TOPCLASS/DijetAnomaly/VAE_results/run_101/sample_results/minl1l2_loss/q10/RSGraviton_WW_NARROW_13TeV_PU40_4.5TeV_parts
-- this:  [[3970.935 2194.462    0.484    2.831  110.806 2459.045 1526.85   -46.844
  1611.133    0.816    3.096  201.513   69.553   61.601   79.522  189.605
   119.081]
 [4767.759 3007.884   -0.154    3.11   160.53  3048.016 1945.574  488.604
  2006.005   -0.15     2.637  211.886  430.577  421.764   88.129  192.063
   198.232]
 [4875.884 2406.094   -0.503   -2.767  132.558 2719.554 2239.565  220.385
  2264.343   -0.614   -3.084  356.569   67.434   44.408  230.266  345.485
   110.837]
 [4395.236 1813.684   -0.154   -0.77   105.927 1838.151 1688.305   43.451
  3178.78    -1.4     -3.082   69.324  108.157   99.418   87.39    60.542
    87.819]]
-- other:  [[3970.935 2194.462    0.484    2.831  110.806 2459.045 1526.85   -46.844
  1611.133    0.816    3.096  201.513   69.553   61.601   79.522  189.605
   119.081]
 [4767.759 3007.884   -0.154    3.11   160.53  3048.016 1945.574  488.604
  2006.005   -0.15     2.637  211.886  430.577  421.764   88.129  192.063
   198.232]
 [4875.884 2406.094   -0.503   -2.767  132.558 2719.554 2239.565  220.385
  2264.343   -0.614   -3.084  356.569   67.434   44.408  230.266  345.485
   110.837]
 [4395.236 1813.684   -0.154   -0.77   105.927 1838.151 1688.305   43.451
  3178.78    -1.4     -3.082   69.324  108.157   99.418   87.39    60.542
    87.819]]
examples all equal:  True
******************************
/eos/project/d/dshep/TOPCLASS/DijetAnomaly/VAE_results/run_101/sample_results/minl1l2_loss/q1 == /eos/project/d/dshep/TOPCLASS/DijetAnomaly/VAE_results/run_101/sample_results/minl1l2_loss/q10: True
**************************************************
comparing qcdSigAll samples in /eos/project/d/dshep/TOPCLASS/DijetAnomaly/VAE_results/run_101/sample_results/minl1l2_loss/q10 and /eos/project/d/dshep/TOPCLASS/DijetAnomaly/VAE_results/run_101/sample_results/minl1l2_loss/q30
**************************************************
reading /eos/project/d/dshep/TOPCLASS/DijetAnomaly/VAE_results/run_101/sample_results/minl1l2_loss/q10/qcd_sqrtshatTeV_13TeV_PU40_ALL_parts

3725780 events read in 1 files in dir /eos/project/d/dshep/TOPCLASS/DijetAnomaly/VAE_results/run_101/sample_results/minl1l2_loss/q10/qcd_sqrtshatTeV_13TeV_PU40_ALL_parts
reading /eos/project/d/dshep/TOPCLASS/DijetAnomaly/VAE_results/run_101/sample_results/minl1l2_loss/q30/qcd_sqrtshatTeV_13TeV_PU40_ALL_parts

3725780 events read in 1 files in dir /eos/project/d/dshep/TOPCLASS/DijetAnomaly/VAE_results/run_101/sample_results/minl1l2_loss/q30/qcd_sqrtshatTeV_13TeV_PU40_ALL_parts
-- this:  [[1117.907  474.465    0.433   -1.174   43.476  521.355  472.793   77.37
   621.125    1.193   -2.828   21.536   29.981   23.166   68.15    14.81
    67.255]
 [1248.042  592.189    1.287    2.388   38.331 1155.14   579.43   114.359
   709.323    0.653    3.044   18.699   23.386   16.697   66.886   12.025
    66.738]
 [1481.447  627.969   -0.869    1.012   29.632  880.988  627.383   94.725
   661.793   -1.165    3.082   26.801   28.059   21.457   66.019   19.557
    72.442]
 [1155.147  539.891    1.435   -1.425  149.027 1207.688  424.813  132.932
   462.644    1.143   -2.914   27.553   23.101   16.533   65.678   21.008
    65.45 ]]
-- other:  [[1117.907  474.465    0.433   -1.174   43.476  521.355  472.793   77.37
   621.125    1.193   -2.828   21.536   29.981   23.166   68.15    14.81
    67.255]
 [1248.042  592.189    1.287    2.388   38.331 1155.14   579.43   114.359
   709.323    0.653    3.044   18.699   23.386   16.697   66.886   12.025
    66.738]
 [1481.447  627.969   -0.869    1.012   29.632  880.988  627.383   94.725
   661.793   -1.165    3.082   26.801   28.059   21.457   66.019   19.557
    72.442]
 [1155.147  539.891    1.435   -1.425  149.027 1207.688  424.813  132.932
   462.644    1.143   -2.914   27.553   23.101   16.533   65.678   21.008
    65.45 ]]
examples all equal:  True
******************************
/eos/project/d/dshep/TOPCLASS/DijetAnomaly/VAE_results/run_101/sample_results/minl1l2_loss/q10 == /eos/project/d/dshep/TOPCLASS/DijetAnomaly/VAE_results/run_101/sample_results/minl1l2_loss/q30: True
**************************************************
comparing GtoWW15na samples in /eos/project/d/dshep/TOPCLASS/DijetAnomaly/VAE_results/run_101/sample_results/minl1l2_loss/q10 and /eos/project/d/dshep/TOPCLASS/DijetAnomaly/VAE_results/run_101/sample_results/minl1l2_loss/q30
**************************************************
reading /eos/project/d/dshep/TOPCLASS/DijetAnomaly/VAE_results/run_101/sample_results/minl1l2_loss/q10/RSGraviton_WW_NARROW_13TeV_PU40_1.5TeV_parts

448032 events read in 1 files in dir /eos/project/d/dshep/TOPCLASS/DijetAnomaly/VAE_results/run_101/sample_results/minl1l2_loss/q10/RSGraviton_WW_NARROW_13TeV_PU40_1.5TeV_parts
reading /eos/project/d/dshep/TOPCLASS/DijetAnomaly/VAE_results/run_101/sample_results/minl1l2_loss/q30/RSGraviton_WW_NARROW_13TeV_PU40_1.5TeV_parts

448032 events read in 1 files in dir /eos/project/d/dshep/TOPCLASS/DijetAnomaly/VAE_results/run_101/sample_results/minl1l2_loss/q30/RSGraviton_WW_NARROW_13TeV_PU40_1.5TeV_parts
-- this:  [[1592.828  787.093    1.171    2.077   91.829 1394.581  746.533  137.007
   953.392    0.46    -3.12    88.454   30.384   22.958   74.26    81.707
    67.474]
 [1408.349  803.684   -0.56     2.992  -52.064  931.617  499.045   75.472
   538.69    -0.929    3.043   47.592   28.539   21.988   65.508   40.578
    70.139]
 [1216.895  655.482   -0.007    0.441  105.23   663.892  473.07   -35.841
   640.443   -0.828    3.034   49.51    18.937   12.282   66.557   42.765
    67.45 ]
 [1594.036  814.286    0.194   -1.984   43.488  830.855  771.731  105.511
   799.543   -0.037    3.136   41.297   26.735   19.622   71.128   34.359
    69.381]]
-- other:  [[1592.828  787.093    1.171    2.077   91.829 1394.581  746.533  137.007
   953.392    0.46    -3.12    88.454   30.384   22.958   74.26    81.707
    67.474]
 [1408.349  803.684   -0.56     2.992  -52.064  931.617  499.045   75.472
   538.69    -0.929    3.043   47.592   28.539   21.988   65.508   40.578
    70.139]
 [1216.895  655.482   -0.007    0.441  105.23   663.892  473.07   -35.841
   640.443   -0.828    3.034   49.51    18.937   12.282   66.557   42.765
    67.45 ]
 [1594.036  814.286    0.194   -1.984   43.488  830.855  771.731  105.511
   799.543   -0.037    3.136   41.297   26.735   19.622   71.128   34.359
    69.381]]
examples all equal:  True
******************************
/eos/project/d/dshep/TOPCLASS/DijetAnomaly/VAE_results/run_101/sample_results/minl1l2_loss/q10 == /eos/project/d/dshep/TOPCLASS/DijetAnomaly/VAE_results/run_101/sample_results/minl1l2_loss/q30: True
**************************************************
comparing GtoWW25na samples in /eos/project/d/dshep/TOPCLASS/DijetAnomaly/VAE_results/run_101/sample_results/minl1l2_loss/q10 and /eos/project/d/dshep/TOPCLASS/DijetAnomaly/VAE_results/run_101/sample_results/minl1l2_loss/q30
**************************************************
reading /eos/project/d/dshep/TOPCLASS/DijetAnomaly/VAE_results/run_101/sample_results/minl1l2_loss/q10/RSGraviton_WW_NARROW_13TeV_PU40_2.5TeV_parts

512505 events read in 1 files in dir /eos/project/d/dshep/TOPCLASS/DijetAnomaly/VAE_results/run_101/sample_results/minl1l2_loss/q10/RSGraviton_WW_NARROW_13TeV_PU40_2.5TeV_parts
reading /eos/project/d/dshep/TOPCLASS/DijetAnomaly/VAE_results/run_101/sample_results/minl1l2_loss/q30/RSGraviton_WW_NARROW_13TeV_PU40_2.5TeV_parts

512505 events read in 1 files in dir /eos/project/d/dshep/TOPCLASS/DijetAnomaly/VAE_results/run_101/sample_results/minl1l2_loss/q30/RSGraviton_WW_NARROW_13TeV_PU40_2.5TeV_parts
-- this:  [[2477.201 1076.405   -0.623    0.924   72.434 1293.829 1069.24    59.201
  3064.015    1.091    3.1     42.503   32.767   24.244   85.223   34.958
    75.446]
 [2427.998 1044.909    0.325   -2.995  -20.439 1100.547  954.268  -45.533
  1437.768    1.294   -3.062   63.004   63.104   56.25    68.536   56.119
    68.856]
 [2037.332 1186.47     0.377    2.228  140.759 1279.449  794.31    75.69
   815.624    0.588    3.101   77.991   31.022   23.917   71.053   70.523
    74.682]
 [2484.835 1298.398    0.351   -2.719   89.735 1381.911 1183.206   88.314
  1244.698    0.038   -3.087   66.431   47.192   39.797   73.949   58.324
    81.065]]
-- other:  [[2477.201 1076.405   -0.623    0.924   72.434 1293.829 1069.24    59.201
  3064.015    1.091    3.1     42.503   32.767   24.244   85.223   34.958
    75.446]
 [2427.998 1044.909    0.325   -2.995  -20.439 1100.547  954.268  -45.533
  1437.768    1.294   -3.062   63.004   63.104   56.25    68.536   56.119
    68.856]
 [2037.332 1186.47     0.377    2.228  140.759 1279.449  794.31    75.69
   815.624    0.588    3.101   77.991   31.022   23.917   71.053   70.523
    74.682]
 [2484.835 1298.398    0.351   -2.719   89.735 1381.911 1183.206   88.314
  1244.698    0.038   -3.087   66.431   47.192   39.797   73.949   58.324
    81.065]]
examples all equal:  True
******************************
/eos/project/d/dshep/TOPCLASS/DijetAnomaly/VAE_results/run_101/sample_results/minl1l2_loss/q10 == /eos/project/d/dshep/TOPCLASS/DijetAnomaly/VAE_results/run_101/sample_results/minl1l2_loss/q30: True
**************************************************
comparing GtoWW35na samples in /eos/project/d/dshep/TOPCLASS/DijetAnomaly/VAE_results/run_101/sample_results/minl1l2_loss/q10 and /eos/project/d/dshep/TOPCLASS/DijetAnomaly/VAE_results/run_101/sample_results/minl1l2_loss/q30
**************************************************
reading /eos/project/d/dshep/TOPCLASS/DijetAnomaly/VAE_results/run_101/sample_results/minl1l2_loss/q10/RSGraviton_WW_NARROW_13TeV_PU40_3.5TeV_parts

515489 events read in 1 files in dir /eos/project/d/dshep/TOPCLASS/DijetAnomaly/VAE_results/run_101/sample_results/minl1l2_loss/q10/RSGraviton_WW_NARROW_13TeV_PU40_3.5TeV_parts
reading /eos/project/d/dshep/TOPCLASS/DijetAnomaly/VAE_results/run_101/sample_results/minl1l2_loss/q30/RSGraviton_WW_NARROW_13TeV_PU40_3.5TeV_parts

515489 events read in 1 files in dir /eos/project/d/dshep/TOPCLASS/DijetAnomaly/VAE_results/run_101/sample_results/minl1l2_loss/q30/RSGraviton_WW_NARROW_13TeV_PU40_3.5TeV_parts
-- this:  [[3417.244 1782.758    0.295   -2.521   72.707 1862.099 1506.784  112.269
  2110.406   -0.571   -3.113  205.037   69.551   60.127   94.248  197.795
    72.419]
 [3322.492 1392.259   -0.511   -2.273   60.025 1578.796 1335.143  -23.214
  1770.941   -1.298   -3.122  106.913   66.272   57.669   86.022   98.497
    84.163]
 [3421.565 1731.271    0.332   -0.16   -58.798 1826.897 1543.842  -44.182
  2344.896   -0.647   -2.92    46.317   32.687   20.843  118.435   36.171
   101.451]
 [2422.754 1130.486   -0.215   -1.764   98.845 1160.812 1081.225   74.672
  1321.892   -0.867   -2.987   84.89    39.96    32.791   71.693   76.725
    81.66 ]]
-- other:  [[3417.244 1782.758    0.295   -2.521   72.707 1862.099 1506.784  112.269
  2110.406   -0.571   -3.113  205.037   69.551   60.127   94.248  197.795
    72.419]
 [3322.492 1392.259   -0.511   -2.273   60.025 1578.796 1335.143  -23.214
  1770.941   -1.298   -3.122  106.913   66.272   57.669   86.022   98.497
    84.163]
 [3421.565 1731.271    0.332   -0.16   -58.798 1826.897 1543.842  -44.182
  2344.896   -0.647   -2.92    46.317   32.687   20.843  118.435   36.171
   101.451]
 [2422.754 1130.486   -0.215   -1.764   98.845 1160.812 1081.225   74.672
  1321.892   -0.867   -2.987   84.89    39.96    32.791   71.693   76.725
    81.66 ]]
examples all equal:  True
******************************
/eos/project/d/dshep/TOPCLASS/DijetAnomaly/VAE_results/run_101/sample_results/minl1l2_loss/q10 == /eos/project/d/dshep/TOPCLASS/DijetAnomaly/VAE_results/run_101/sample_results/minl1l2_loss/q30: True
**************************************************
comparing GtoWW45na samples in /eos/project/d/dshep/TOPCLASS/DijetAnomaly/VAE_results/run_101/sample_results/minl1l2_loss/q10 and /eos/project/d/dshep/TOPCLASS/DijetAnomaly/VAE_results/run_101/sample_results/minl1l2_loss/q30
**************************************************
reading /eos/project/d/dshep/TOPCLASS/DijetAnomaly/VAE_results/run_101/sample_results/minl1l2_loss/q10/RSGraviton_WW_NARROW_13TeV_PU40_4.5TeV_parts

432356 events read in 1 files in dir /eos/project/d/dshep/TOPCLASS/DijetAnomaly/VAE_results/run_101/sample_results/minl1l2_loss/q10/RSGraviton_WW_NARROW_13TeV_PU40_4.5TeV_parts
reading /eos/project/d/dshep/TOPCLASS/DijetAnomaly/VAE_results/run_101/sample_results/minl1l2_loss/q30/RSGraviton_WW_NARROW_13TeV_PU40_4.5TeV_parts

432356 events read in 1 files in dir /eos/project/d/dshep/TOPCLASS/DijetAnomaly/VAE_results/run_101/sample_results/minl1l2_loss/q30/RSGraviton_WW_NARROW_13TeV_PU40_4.5TeV_parts
-- this:  [[4006.532 1982.355    0.202    0.236   48.06  2023.669 1735.242  -24.753
  2049.761    0.796    3.097   67.159  159.069  148.889  101.796   52.669
   144.898]
 [4496.262 2110.646   -0.313    0.789  157.364 2220.621 1877.654   72.713
  2339.764   -1.      -3.106  512.232  133.528  122.137  113.909  500.717
   115.149]
 [4128.042 1821.121   -0.324   -2.896  247.103 1933.504 1624.046  -21.803
  2344.316   -1.234    3.038  395.417   73.421   62.354  110.667  386.982
    84.344]
 [3395.257 2071.72    -0.211   -2.422   82.842 2119.579 1381.396  130.148
  1455.047    0.101   -3.114  181.913   50.882   41.909   89.728  170.805
   111.088]]
-- other:  [[4006.532 1982.355    0.202    0.236   48.06  2023.669 1735.242  -24.753
  2049.761    0.796    3.097   67.159  159.069  148.889  101.796   52.669
   144.898]
 [4496.262 2110.646   -0.313    0.789  157.364 2220.621 1877.654   72.713
  2339.764   -1.      -3.106  512.232  133.528  122.137  113.909  500.717
   115.149]
 [4128.042 1821.121   -0.324   -2.896  247.103 1933.504 1624.046  -21.803
  2344.316   -1.234    3.038  395.417   73.421   62.354  110.667  386.982
    84.344]
 [3395.257 2071.72    -0.211   -2.422   82.842 2119.579 1381.396  130.148
  1455.047    0.101   -3.114  181.913   50.882   41.909   89.728  170.805
   111.088]]
examples all equal:  True
******************************
/eos/project/d/dshep/TOPCLASS/DijetAnomaly/VAE_results/run_101/sample_results/minl1l2_loss/q10 == /eos/project/d/dshep/TOPCLASS/DijetAnomaly/VAE_results/run_101/sample_results/minl1l2_loss/q30: True
**************************************************
comparing qcdSigAll samples in /eos/project/d/dshep/TOPCLASS/DijetAnomaly/VAE_results/run_101/sample_results/minl1l2_loss/q30 and /eos/project/d/dshep/TOPCLASS/DijetAnomaly/VAE_results/run_101/sample_results/minl1l2_loss/q5
**************************************************
reading /eos/project/d/dshep/TOPCLASS/DijetAnomaly/VAE_results/run_101/sample_results/minl1l2_loss/q30/qcd_sqrtshatTeV_13TeV_PU40_ALL_parts

3725780 events read in 1 files in dir /eos/project/d/dshep/TOPCLASS/DijetAnomaly/VAE_results/run_101/sample_results/minl1l2_loss/q30/qcd_sqrtshatTeV_13TeV_PU40_ALL_parts
reading /eos/project/d/dshep/TOPCLASS/DijetAnomaly/VAE_results/run_101/sample_results/minl1l2_loss/q5/qcd_sqrtshatTeV_13TeV_PU40_ALL_parts

3725780 events read in 1 files in dir /eos/project/d/dshep/TOPCLASS/DijetAnomaly/VAE_results/run_101/sample_results/minl1l2_loss/q5/qcd_sqrtshatTeV_13TeV_PU40_ALL_parts
-- this:  [[1126.574  470.876    0.414   -2.24   112.834  524.077  432.262  -41.378
   647.985    1.378    2.808   21.683   22.041   15.503   65.377   15.228
    64.55 ]
 [1408.336  703.986    1.45     2.879   43.983 1584.449  525.603   50.58
   561.124    1.097    3.103   46.991   19.043   12.348   66.943   39.873
    71.177]
 [1256.07   533.82    -1.776    2.03    99.612 1624.241  501.793  169.057
   627.059   -1.148   -3.003   23.739   31.073   24.541   65.325   17.026
    67.123]
 [1270.174  526.783    1.214   -0.434  -30.757  964.513  501.084  178.536
   532.799    1.274    2.851   20.697   32.228   25.703   65.251   13.919
    67.777]]
-- other:  [[1126.574  470.876    0.414   -2.24   112.834  524.077  432.262  -41.378
   647.985    1.378    2.808   21.683   22.041   15.503   65.377   15.228
    64.55 ]
 [1408.336  703.986    1.45     2.879   43.983 1584.449  525.603   50.58
   561.124    1.097    3.103   46.991   19.043   12.348   66.943   39.873
    71.177]
 [1256.07   533.82    -1.776    2.03    99.612 1624.241  501.793  169.057
   627.059   -1.148   -3.003   23.739   31.073   24.541   65.325   17.026
    67.123]
 [1270.174  526.783    1.214   -0.434  -30.757  964.513  501.084  178.536
   532.799    1.274    2.851   20.697   32.228   25.703   65.251   13.919
    67.777]]
examples all equal:  True
******************************
/eos/project/d/dshep/TOPCLASS/DijetAnomaly/VAE_results/run_101/sample_results/minl1l2_loss/q30 == /eos/project/d/dshep/TOPCLASS/DijetAnomaly/VAE_results/run_101/sample_results/minl1l2_loss/q5: True
**************************************************
comparing GtoWW15na samples in /eos/project/d/dshep/TOPCLASS/DijetAnomaly/VAE_results/run_101/sample_results/minl1l2_loss/q30 and /eos/project/d/dshep/TOPCLASS/DijetAnomaly/VAE_results/run_101/sample_results/minl1l2_loss/q5
**************************************************
reading /eos/project/d/dshep/TOPCLASS/DijetAnomaly/VAE_results/run_101/sample_results/minl1l2_loss/q30/RSGraviton_WW_NARROW_13TeV_PU40_1.5TeV_parts

448032 events read in 1 files in dir /eos/project/d/dshep/TOPCLASS/DijetAnomaly/VAE_results/run_101/sample_results/minl1l2_loss/q30/RSGraviton_WW_NARROW_13TeV_PU40_1.5TeV_parts
reading /eos/project/d/dshep/TOPCLASS/DijetAnomaly/VAE_results/run_101/sample_results/minl1l2_loss/q5/RSGraviton_WW_NARROW_13TeV_PU40_1.5TeV_parts

448032 events read in 1 files in dir /eos/project/d/dshep/TOPCLASS/DijetAnomaly/VAE_results/run_101/sample_results/minl1l2_loss/q5/RSGraviton_WW_NARROW_13TeV_PU40_1.5TeV_parts
-- this:  [[1491.532  821.872    0.772    0.024  -48.544 1078.239  665.022  118.476
   813.87     0.134   -3.14    41.076   25.441   18.551   68.906   33.942
    71.343]
 [1516.849  729.037   -1.081   -1.383   92.657 1201.302  672.9     47.648
   702.707   -0.792   -3.036   52.293   29.188   22.595   65.929   45.346
    69.47 ]
 [2880.611 1228.558   -0.466    0.919  -72.764 1362.221 1129.61   240.076
  1601.598   -1.334    2.751  135.566   42.421   33.894   85.27   127.475
    80.912]
 [1501.529  630.69    -1.174   -2.325   97.331 1121.42   618.296   53.813
   621.727   -1.233    3.127   20.917   30.701   23.872   68.287   14.238
    66.789]]
-- other:  [[1491.532  821.872    0.772    0.024  -48.544 1078.239  665.022  118.476
   813.87     0.134   -3.14    41.076   25.441   18.551   68.906   33.942
    71.343]
 [1516.849  729.037   -1.081   -1.383   92.657 1201.302  672.9     47.648
   702.707   -0.792   -3.036   52.293   29.188   22.595   65.929   45.346
    69.47 ]
 [2880.611 1228.558   -0.466    0.919  -72.764 1362.221 1129.61   240.076
  1601.598   -1.334    2.751  135.566   42.421   33.894   85.27   127.475
    80.912]
 [1501.529  630.69    -1.174   -2.325   97.331 1121.42   618.296   53.813
   621.727   -1.233    3.127   20.917   30.701   23.872   68.287   14.238
    66.789]]
examples all equal:  True
******************************
/eos/project/d/dshep/TOPCLASS/DijetAnomaly/VAE_results/run_101/sample_results/minl1l2_loss/q30 == /eos/project/d/dshep/TOPCLASS/DijetAnomaly/VAE_results/run_101/sample_results/minl1l2_loss/q5: True
**************************************************
comparing GtoWW25na samples in /eos/project/d/dshep/TOPCLASS/DijetAnomaly/VAE_results/run_101/sample_results/minl1l2_loss/q30 and /eos/project/d/dshep/TOPCLASS/DijetAnomaly/VAE_results/run_101/sample_results/minl1l2_loss/q5
**************************************************
reading /eos/project/d/dshep/TOPCLASS/DijetAnomaly/VAE_results/run_101/sample_results/minl1l2_loss/q30/RSGraviton_WW_NARROW_13TeV_PU40_2.5TeV_parts

512505 events read in 1 files in dir /eos/project/d/dshep/TOPCLASS/DijetAnomaly/VAE_results/run_101/sample_results/minl1l2_loss/q30/RSGraviton_WW_NARROW_13TeV_PU40_2.5TeV_parts
reading /eos/project/d/dshep/TOPCLASS/DijetAnomaly/VAE_results/run_101/sample_results/minl1l2_loss/q5/RSGraviton_WW_NARROW_13TeV_PU40_2.5TeV_parts

512505 events read in 1 files in dir /eos/project/d/dshep/TOPCLASS/DijetAnomaly/VAE_results/run_101/sample_results/minl1l2_loss/q5/RSGraviton_WW_NARROW_13TeV_PU40_2.5TeV_parts
-- this:  [[2441.934 1251.118   -0.704    0.864  198.749 1586.263 1150.126   85.621
  1754.753    0.28    -3.092   65.371   53.919   45.721   81.982   58.188
    71.837]
 [2134.165 1048.303   -0.279    1.891  131.706 1097.306 1044.321  133.139
  1250.194    0.329    3.028   33.436   49.201   42.279   69.221   25.899
    75.374]
 [2305.001 1197.865   -0.734   -1.667   47.119 1536.439 1097.011  154.179
  1379.035   -0.042   -3.131   82.907   37.221   28.95    82.712   73.276
    96.303]
 [2519.07  1135.273   -0.188   -2.886   54.347 1156.661 1126.081  105.177
  1463.102   -0.939   -3.062   88.67    55.169   47.807   73.622   81.118
    75.524]]
-- other:  [[2441.934 1251.118   -0.704    0.864  198.749 1586.263 1150.126   85.621
  1754.753    0.28    -3.092   65.371   53.919   45.721   81.982   58.188
    71.837]
 [2134.165 1048.303   -0.279    1.891  131.706 1097.306 1044.321  133.139
  1250.194    0.329    3.028   33.436   49.201   42.279   69.221   25.899
    75.374]
 [2305.001 1197.865   -0.734   -1.667   47.119 1536.439 1097.011  154.179
  1379.035   -0.042   -3.131   82.907   37.221   28.95    82.712   73.276
    96.303]
 [2519.07  1135.273   -0.188   -2.886   54.347 1156.661 1126.081  105.177
  1463.102   -0.939   -3.062   88.67    55.169   47.807   73.622   81.118
    75.524]]
examples all equal:  True
******************************
/eos/project/d/dshep/TOPCLASS/DijetAnomaly/VAE_results/run_101/sample_results/minl1l2_loss/q30 == /eos/project/d/dshep/TOPCLASS/DijetAnomaly/VAE_results/run_101/sample_results/minl1l2_loss/q5: True
**************************************************
comparing GtoWW35na samples in /eos/project/d/dshep/TOPCLASS/DijetAnomaly/VAE_results/run_101/sample_results/minl1l2_loss/q30 and /eos/project/d/dshep/TOPCLASS/DijetAnomaly/VAE_results/run_101/sample_results/minl1l2_loss/q5
**************************************************
reading /eos/project/d/dshep/TOPCLASS/DijetAnomaly/VAE_results/run_101/sample_results/minl1l2_loss/q30/RSGraviton_WW_NARROW_13TeV_PU40_3.5TeV_parts

515489 events read in 1 files in dir /eos/project/d/dshep/TOPCLASS/DijetAnomaly/VAE_results/run_101/sample_results/minl1l2_loss/q30/RSGraviton_WW_NARROW_13TeV_PU40_3.5TeV_parts
reading /eos/project/d/dshep/TOPCLASS/DijetAnomaly/VAE_results/run_101/sample_results/minl1l2_loss/q5/RSGraviton_WW_NARROW_13TeV_PU40_3.5TeV_parts

515489 events read in 1 files in dir /eos/project/d/dshep/TOPCLASS/DijetAnomaly/VAE_results/run_101/sample_results/minl1l2_loss/q5/RSGraviton_WW_NARROW_13TeV_PU40_3.5TeV_parts
-- this:  [[2554.585 1382.832    0.2     -2.289  -67.023 1409.077 1063.086   49.469
  1175.586    0.654   -3.091   47.605  199.248  191.625   76.226   39.557
    80.477]
 [3553.681 1787.562   -0.184    1.048  140.784 1823.197 1729.082  206.436
  1879.879    0.215    3.111   83.1     65.531   56.336   91.944   71.992
   111.077]
 [2957.999 1550.075   -0.056   -0.782  184.791 1563.508 1168.549   86.665
  1568.242   -0.859   -3.116  118.637  106.523   99.579   69.44   110.217
    84.195]
 [3316.554 1458.312   -0.206    0.241   85.464 1491.921 1393.568   44.458
  2819.207    1.124   -3.118  155.259   75.75    67.342   84.081  146.741
    85.18 ]]
-- other:  [[2554.585 1382.832    0.2     -2.289  -67.023 1409.077 1063.086   49.469
  1175.586    0.654   -3.091   47.605  199.248  191.625   76.226   39.557
    80.477]
 [3553.681 1787.562   -0.184    1.048  140.784 1823.197 1729.082  206.436
  1879.879    0.215    3.111   83.1     65.531   56.336   91.944   71.992
   111.077]
 [2957.999 1550.075   -0.056   -0.782  184.791 1563.508 1168.549   86.665
  1568.242   -0.859   -3.116  118.637  106.523   99.579   69.44   110.217
    84.195]
 [3316.554 1458.312   -0.206    0.241   85.464 1491.921 1393.568   44.458
  2819.207    1.124   -3.118  155.259   75.75    67.342   84.081  146.741
    85.18 ]]
examples all equal:  True
******************************
/eos/project/d/dshep/TOPCLASS/DijetAnomaly/VAE_results/run_101/sample_results/minl1l2_loss/q30 == /eos/project/d/dshep/TOPCLASS/DijetAnomaly/VAE_results/run_101/sample_results/minl1l2_loss/q5: True
**************************************************
comparing GtoWW45na samples in /eos/project/d/dshep/TOPCLASS/DijetAnomaly/VAE_results/run_101/sample_results/minl1l2_loss/q30 and /eos/project/d/dshep/TOPCLASS/DijetAnomaly/VAE_results/run_101/sample_results/minl1l2_loss/q5
**************************************************
reading /eos/project/d/dshep/TOPCLASS/DijetAnomaly/VAE_results/run_101/sample_results/minl1l2_loss/q30/RSGraviton_WW_NARROW_13TeV_PU40_4.5TeV_parts

432356 events read in 1 files in dir /eos/project/d/dshep/TOPCLASS/DijetAnomaly/VAE_results/run_101/sample_results/minl1l2_loss/q30/RSGraviton_WW_NARROW_13TeV_PU40_4.5TeV_parts
reading /eos/project/d/dshep/TOPCLASS/DijetAnomaly/VAE_results/run_101/sample_results/minl1l2_loss/q5/RSGraviton_WW_NARROW_13TeV_PU40_4.5TeV_parts

432356 events read in 1 files in dir /eos/project/d/dshep/TOPCLASS/DijetAnomaly/VAE_results/run_101/sample_results/minl1l2_loss/q5/RSGraviton_WW_NARROW_13TeV_PU40_4.5TeV_parts
-- this:  [[4186.807 2176.597    0.272    0.982   88.784 2259.163 1825.236  -26.104
  1943.101    0.629    3.122  181.859  370.057  360.462   95.956  171.889
    99.7  ]
 [4285.672 1921.589   -0.361    2.989  116.523 2051.434 1861.32    88.172
  2276.849   -1.016   -3.109  594.868  109.992  100.913   90.781  586.373
    84.959]
 [1110.918 1603.417   -0.308   -0.827   89.472 1682.585  208.998   32.006
   221.656    0.005   -2.523   52.143   23.046   16.648   63.986   41.459
   106.846]
 [2608.143 2148.288    0.823   -0.526   47.396 2918.587  690.088   25.48
   692.563    0.747    3.132  165.383   62.842   56.196   66.454  152.068
   133.15 ]]
-- other:  [[4186.807 2176.597    0.272    0.982   88.784 2259.163 1825.236  -26.104
  1943.101    0.629    3.122  181.859  370.057  360.462   95.956  171.889
    99.7  ]
 [4285.672 1921.589   -0.361    2.989  116.523 2051.434 1861.32    88.172
  2276.849   -1.016   -3.109  594.868  109.992  100.913   90.781  586.373
    84.959]
 [1110.918 1603.417   -0.308   -0.827   89.472 1682.585  208.998   32.006
   221.656    0.005   -2.523   52.143   23.046   16.648   63.986   41.459
   106.846]
 [2608.143 2148.288    0.823   -0.526   47.396 2918.587  690.088   25.48
   692.563    0.747    3.132  165.383   62.842   56.196   66.454  152.068
   133.15 ]]
examples all equal:  True
******************************
/eos/project/d/dshep/TOPCLASS/DijetAnomaly/VAE_results/run_101/sample_results/minl1l2_loss/q30 == /eos/project/d/dshep/TOPCLASS/DijetAnomaly/VAE_results/run_101/sample_results/minl1l2_loss/q5: True
**************************************************
comparing qcdSigAll samples in /eos/project/d/dshep/TOPCLASS/DijetAnomaly/VAE_results/run_101/sample_results/minl1l2_loss/q5 and /eos/project/d/dshep/TOPCLASS/DijetAnomaly/VAE_results/run_101/sample_results/minl1l2_loss/q50
**************************************************
reading /eos/project/d/dshep/TOPCLASS/DijetAnomaly/VAE_results/run_101/sample_results/minl1l2_loss/q5/qcd_sqrtshatTeV_13TeV_PU40_ALL_parts

3725780 events read in 1 files in dir /eos/project/d/dshep/TOPCLASS/DijetAnomaly/VAE_results/run_101/sample_results/minl1l2_loss/q5/qcd_sqrtshatTeV_13TeV_PU40_ALL_parts
reading /eos/project/d/dshep/TOPCLASS/DijetAnomaly/VAE_results/run_101/sample_results/minl1l2_loss/q50/qcd_sqrtshatTeV_13TeV_PU40_ALL_parts

3725780 events read in 1 files in dir /eos/project/d/dshep/TOPCLASS/DijetAnomaly/VAE_results/run_101/sample_results/minl1l2_loss/q50/qcd_sqrtshatTeV_13TeV_PU40_ALL_parts
-- this:  [[1111.406  489.204   -0.217    1.798   53.775  503.662  480.859   91.896
   928.279    1.053   -2.908   24.802   23.127   16.534   65.922   18.283
    65.192]
 [1178.104  491.984   -0.802    1.828  -30.449  658.298  457.661   64.309
  2018.116    1.361    3.138   17.082   18.106   11.445   66.611   10.344
    67.386]
 [1578.511  703.12    -0.236   -0.24    73.943  726.557  577.404   66.477
   986.25    -1.362    2.868   28.924   23.678   16.88    67.971   22.277
    66.468]
 [1304.176  607.165   -1.617    2.086  -16.439 1589.597  517.169   77.97
   592.032   -1.103    3.139   31.189   22.217   15.584   66.331   24.208
    69.81 ]]
-- other:  [[1111.406  489.204   -0.217    1.798   53.775  503.662  480.859   91.896
   928.279    1.053   -2.908   24.802   23.127   16.534   65.922   18.283
    65.192]
 [1178.104  491.984   -0.802    1.828  -30.449  658.298  457.661   64.309
  2018.116    1.361    3.138   17.082   18.106   11.445   66.611   10.344
    67.386]
 [1578.511  703.12    -0.236   -0.24    73.943  726.557  577.404   66.477
   986.25    -1.362    2.868   28.924   23.678   16.88    67.971   22.277
    66.468]
 [1304.176  607.165   -1.617    2.086  -16.439 1589.597  517.169   77.97
   592.032   -1.103    3.139   31.189   22.217   15.584   66.331   24.208
    69.81 ]]
examples all equal:  True
******************************
/eos/project/d/dshep/TOPCLASS/DijetAnomaly/VAE_results/run_101/sample_results/minl1l2_loss/q5 == /eos/project/d/dshep/TOPCLASS/DijetAnomaly/VAE_results/run_101/sample_results/minl1l2_loss/q50: True
**************************************************
comparing GtoWW15na samples in /eos/project/d/dshep/TOPCLASS/DijetAnomaly/VAE_results/run_101/sample_results/minl1l2_loss/q5 and /eos/project/d/dshep/TOPCLASS/DijetAnomaly/VAE_results/run_101/sample_results/minl1l2_loss/q50
**************************************************
reading /eos/project/d/dshep/TOPCLASS/DijetAnomaly/VAE_results/run_101/sample_results/minl1l2_loss/q5/RSGraviton_WW_NARROW_13TeV_PU40_1.5TeV_parts

448032 events read in 1 files in dir /eos/project/d/dshep/TOPCLASS/DijetAnomaly/VAE_results/run_101/sample_results/minl1l2_loss/q5/RSGraviton_WW_NARROW_13TeV_PU40_1.5TeV_parts
reading /eos/project/d/dshep/TOPCLASS/DijetAnomaly/VAE_results/run_101/sample_results/minl1l2_loss/q50/RSGraviton_WW_NARROW_13TeV_PU40_1.5TeV_parts

448032 events read in 1 files in dir /eos/project/d/dshep/TOPCLASS/DijetAnomaly/VAE_results/run_101/sample_results/minl1l2_loss/q50/RSGraviton_WW_NARROW_13TeV_PU40_1.5TeV_parts
-- this:  [[1135.429  612.757    0.328    2.049   52.003  648.016  548.663   67.115
   747.378   -0.494   -2.452   21.638   20.972   14.207   67.657   14.938
    67.001]
 [1187.121  605.97     1.096   -1.305   73.58  1010.169  406.346   64.76
   413.84     1.204   -3.129   22.45    25.623   19.136   64.869   15.451
    69.996]
 [1175.886  604.713    0.583   -2.747   45.974  711.89   549.4    101.689
   582.939    0.285   -3.116   27.869   25.284   18.684   66.003   21.054
    68.148]
 [1392.733  615.607   -0.983   -1.246   77.018  941.173  602.531   66.266
   607.25    -1.044    3.005   31.133   29.481   22.514   69.676   24.46
    66.734]]
-- other:  [[1135.429  612.757    0.328    2.049   52.003  648.016  548.663   67.115
   747.378   -0.494   -2.452   21.638   20.972   14.207   67.657   14.938
    67.001]
 [1187.121  605.97     1.096   -1.305   73.58  1010.169  406.346   64.76
   413.84     1.204   -3.129   22.45    25.623   19.136   64.869   15.451
    69.996]
 [1175.886  604.713    0.583   -2.747   45.974  711.89   549.4    101.689
   582.939    0.285   -3.116   27.869   25.284   18.684   66.003   21.054
    68.148]
 [1392.733  615.607   -0.983   -1.246   77.018  941.173  602.531   66.266
   607.25    -1.044    3.005   31.133   29.481   22.514   69.676   24.46
    66.734]]
examples all equal:  True
******************************
/eos/project/d/dshep/TOPCLASS/DijetAnomaly/VAE_results/run_101/sample_results/minl1l2_loss/q5 == /eos/project/d/dshep/TOPCLASS/DijetAnomaly/VAE_results/run_101/sample_results/minl1l2_loss/q50: True
**************************************************
comparing GtoWW25na samples in /eos/project/d/dshep/TOPCLASS/DijetAnomaly/VAE_results/run_101/sample_results/minl1l2_loss/q5 and /eos/project/d/dshep/TOPCLASS/DijetAnomaly/VAE_results/run_101/sample_results/minl1l2_loss/q50
**************************************************
reading /eos/project/d/dshep/TOPCLASS/DijetAnomaly/VAE_results/run_101/sample_results/minl1l2_loss/q5/RSGraviton_WW_NARROW_13TeV_PU40_2.5TeV_parts

512505 events read in 1 files in dir /eos/project/d/dshep/TOPCLASS/DijetAnomaly/VAE_results/run_101/sample_results/minl1l2_loss/q5/RSGraviton_WW_NARROW_13TeV_PU40_2.5TeV_parts
reading /eos/project/d/dshep/TOPCLASS/DijetAnomaly/VAE_results/run_101/sample_results/minl1l2_loss/q50/RSGraviton_WW_NARROW_13TeV_PU40_2.5TeV_parts

512505 events read in 1 files in dir /eos/project/d/dshep/TOPCLASS/DijetAnomaly/VAE_results/run_101/sample_results/minl1l2_loss/q50/RSGraviton_WW_NARROW_13TeV_PU40_2.5TeV_parts
-- this:  [[2304.629 1093.632    0.339    2.381  290.251 1193.012  947.424  -25.636
  1161.386    1.       2.794   42.083  146.042  138.94    71.023   34.784
    72.985]
 [1569.589  928.663    0.19    -2.886   52.761  947.016  510.68    47.47
   706.717    1.037   -3.086   48.024   32.209   25.214   69.943   40.42
    76.035]
 [2502.362 1111.361   -0.145   -1.645   73.755 1125.493 1103.762   97.32
  1908.726    0.998    3.132   36.12    32.535   22.439  100.954   27.728
    83.917]
 [2348.364 1057.51     0.209    2.994   75.199 1083.37  1029.847  -37.467
  1358.53     0.989    3.064   74.078   28.514   20.598   79.156   67.025
    70.527]]
-- other:  [[2304.629 1093.632    0.339    2.381  290.251 1193.012  947.424  -25.636
  1161.386    1.       2.794   42.083  146.042  138.94    71.023   34.784
    72.985]
 [1569.589  928.663    0.19    -2.886   52.761  947.016  510.68    47.47
   706.717    1.037   -3.086   48.024   32.209   25.214   69.943   40.42
    76.035]
 [2502.362 1111.361   -0.145   -1.645   73.755 1125.493 1103.762   97.32
  1908.726    0.998    3.132   36.12    32.535   22.439  100.954   27.728
    83.917]
 [2348.364 1057.51     0.209    2.994   75.199 1083.37  1029.847  -37.467
  1358.53     0.989    3.064   74.078   28.514   20.598   79.156   67.025
    70.527]]
examples all equal:  True
******************************
/eos/project/d/dshep/TOPCLASS/DijetAnomaly/VAE_results/run_101/sample_results/minl1l2_loss/q5 == /eos/project/d/dshep/TOPCLASS/DijetAnomaly/VAE_results/run_101/sample_results/minl1l2_loss/q50: True
**************************************************
comparing GtoWW35na samples in /eos/project/d/dshep/TOPCLASS/DijetAnomaly/VAE_results/run_101/sample_results/minl1l2_loss/q5 and /eos/project/d/dshep/TOPCLASS/DijetAnomaly/VAE_results/run_101/sample_results/minl1l2_loss/q50
**************************************************
reading /eos/project/d/dshep/TOPCLASS/DijetAnomaly/VAE_results/run_101/sample_results/minl1l2_loss/q5/RSGraviton_WW_NARROW_13TeV_PU40_3.5TeV_parts

515489 events read in 1 files in dir /eos/project/d/dshep/TOPCLASS/DijetAnomaly/VAE_results/run_101/sample_results/minl1l2_loss/q5/RSGraviton_WW_NARROW_13TeV_PU40_3.5TeV_parts
reading /eos/project/d/dshep/TOPCLASS/DijetAnomaly/VAE_results/run_101/sample_results/minl1l2_loss/q50/RSGraviton_WW_NARROW_13TeV_PU40_3.5TeV_parts

515489 events read in 1 files in dir /eos/project/d/dshep/TOPCLASS/DijetAnomaly/VAE_results/run_101/sample_results/minl1l2_loss/q50/RSGraviton_WW_NARROW_13TeV_PU40_3.5TeV_parts
-- this:  [[4118.727 2004.344    0.337   -0.15   179.293 2127.067 1888.543  548.655
  2768.926   -0.567   -3.048  167.333  265.088  256.36    87.278  157.532
    98.011]
 [3377.671 1666.377   -0.32     0.664   73.455 1753.851 1384.576  231.808
  1654.545   -0.916    3.054   96.214   78.321   69.777   85.433   88.055
    81.586]
 [3305.839 1495.246    0.841    0.964 -119.098 2052.037 1174.096  -57.066
  1350.897    1.385   -3.119   89.824   60.177   52.494   76.832   81.339
    84.852]
 [2615.855 1405.002    0.056    0.051   78.619 1409.371  806.79    39.211
  1547.407    1.324   -3.127   44.111  135.484  128.519   69.642   36.8
    73.108]]
-- other:  [[4118.727 2004.344    0.337   -0.15   179.293 2127.067 1888.543  548.655
  2768.926   -0.567   -3.048  167.333  265.088  256.36    87.278  157.532
    98.011]
 [3377.671 1666.377   -0.32     0.664   73.455 1753.851 1384.576  231.808
  1654.545   -0.916    3.054   96.214   78.321   69.777   85.433   88.055
    81.586]
 [3305.839 1495.246    0.841    0.964 -119.098 2052.037 1174.096  -57.066
  1350.897    1.385   -3.119   89.824   60.177   52.494   76.832   81.339
    84.852]
 [2615.855 1405.002    0.056    0.051   78.619 1409.371  806.79    39.211
  1547.407    1.324   -3.127   44.111  135.484  128.519   69.642   36.8
    73.108]]
examples all equal:  True
******************************
/eos/project/d/dshep/TOPCLASS/DijetAnomaly/VAE_results/run_101/sample_results/minl1l2_loss/q5 == /eos/project/d/dshep/TOPCLASS/DijetAnomaly/VAE_results/run_101/sample_results/minl1l2_loss/q50: True
**************************************************
comparing GtoWW45na samples in /eos/project/d/dshep/TOPCLASS/DijetAnomaly/VAE_results/run_101/sample_results/minl1l2_loss/q5 and /eos/project/d/dshep/TOPCLASS/DijetAnomaly/VAE_results/run_101/sample_results/minl1l2_loss/q50
**************************************************
reading /eos/project/d/dshep/TOPCLASS/DijetAnomaly/VAE_results/run_101/sample_results/minl1l2_loss/q5/RSGraviton_WW_NARROW_13TeV_PU40_4.5TeV_parts

432356 events read in 1 files in dir /eos/project/d/dshep/TOPCLASS/DijetAnomaly/VAE_results/run_101/sample_results/minl1l2_loss/q5/RSGraviton_WW_NARROW_13TeV_PU40_4.5TeV_parts
reading /eos/project/d/dshep/TOPCLASS/DijetAnomaly/VAE_results/run_101/sample_results/minl1l2_loss/q50/RSGraviton_WW_NARROW_13TeV_PU40_4.5TeV_parts

432356 events read in 1 files in dir /eos/project/d/dshep/TOPCLASS/DijetAnomaly/VAE_results/run_101/sample_results/minl1l2_loss/q50/RSGraviton_WW_NARROW_13TeV_PU40_4.5TeV_parts
-- this:  [[4434.827 2263.18    -0.218   -1.065  221.632 2327.958 2150.788  231.145
  2270.895    0.098    3.036  422.748  212.92   203.339   95.811  413.232
    95.153]
 [4537.209 2197.238   -0.26    -1.102  289.642 2290.285 2023.093  403.57
  2279.792   -0.723    2.981   95.859  276.986  268.862   81.24    81.34
   145.189]
 [4378.487 1934.041   -0.575    2.96    83.821 2264.546 1880.812  256.253
  2131.914   -1.071    2.965  108.461  179.71   170.579   91.304   96.678
   117.833]
 [3837.484 1987.269   -0.213    0.437   83.556 2034.178 1804.531   61.426
  2070.361    0.323    3.075   99.281   58.372   46.456  119.16    88.142
   111.383]]
-- other:  [[4434.827 2263.18    -0.218   -1.065  221.632 2327.958 2150.788  231.145
  2270.895    0.098    3.036  422.748  212.92   203.339   95.811  413.232
    95.153]
 [4537.209 2197.238   -0.26    -1.102  289.642 2290.285 2023.093  403.57
  2279.792   -0.723    2.981   95.859  276.986  268.862   81.24    81.34
   145.189]
 [4378.487 1934.041   -0.575    2.96    83.821 2264.546 1880.812  256.253
  2131.914   -1.071    2.965  108.461  179.71   170.579   91.304   96.678
   117.833]
 [3837.484 1987.269   -0.213    0.437   83.556 2034.178 1804.531   61.426
  2070.361    0.323    3.075   99.281   58.372   46.456  119.16    88.142
   111.383]]
examples all equal:  True
******************************
/eos/project/d/dshep/TOPCLASS/DijetAnomaly/VAE_results/run_101/sample_results/minl1l2_loss/q5 == /eos/project/d/dshep/TOPCLASS/DijetAnomaly/VAE_results/run_101/sample_results/minl1l2_loss/q50: True
**************************************************
comparing qcdSigAll samples in /eos/project/d/dshep/TOPCLASS/DijetAnomaly/VAE_results/run_101/sample_results/minl1l2_loss/q50 and /eos/project/d/dshep/TOPCLASS/DijetAnomaly/VAE_results/run_101/sample_results/minl1l2_loss/q70
**************************************************
reading /eos/project/d/dshep/TOPCLASS/DijetAnomaly/VAE_results/run_101/sample_results/minl1l2_loss/q50/qcd_sqrtshatTeV_13TeV_PU40_ALL_parts

3725780 events read in 1 files in dir /eos/project/d/dshep/TOPCLASS/DijetAnomaly/VAE_results/run_101/sample_results/minl1l2_loss/q50/qcd_sqrtshatTeV_13TeV_PU40_ALL_parts
reading /eos/project/d/dshep/TOPCLASS/DijetAnomaly/VAE_results/run_101/sample_results/minl1l2_loss/q70/qcd_sqrtshatTeV_13TeV_PU40_ALL_parts

3725780 events read in 1 files in dir /eos/project/d/dshep/TOPCLASS/DijetAnomaly/VAE_results/run_101/sample_results/minl1l2_loss/q70/qcd_sqrtshatTeV_13TeV_PU40_ALL_parts
-- this:  [[1141.469  489.822   -0.094    1.12   111.346  504.413  421.693   74.391
   802.501   -1.348   -3.137   23.915   20.89    14.376   65.136   17.445
    64.7  ]
 [1163.027  488.7      2.234    2.38    34.631 2308.965  453.106   43.553
   648.463    1.339    3.013   32.412   28.748   22.227   65.218   25.786
    66.257]
 [1367.833  639.88    -0.317    2.095  -51.888  670.299  605.234   62.026
   706.503   -0.88    -3.131   17.323   20.208   13.199   70.089   10.079
    72.44 ]
 [1301.458  540.701    0.769   -1.623  246.817  750.172  504.104  -42.543
  1767.529   -1.158   -2.939   34.619   48.633   42.044   65.885   28.053
    65.656]]
-- other:  [[1141.469  489.822   -0.094    1.12   111.346  504.413  421.693   74.391
   802.501   -1.348   -3.137   23.915   20.89    14.376   65.136   17.445
    64.7  ]
 [1163.027  488.7      2.234    2.38    34.631 2308.965  453.106   43.553
   648.463    1.339    3.013   32.412   28.748   22.227   65.218   25.786
    66.257]
 [1367.833  639.88    -0.317    2.095  -51.888  670.299  605.234   62.026
   706.503   -0.88    -3.131   17.323   20.208   13.199   70.089   10.079
    72.44 ]
 [1301.458  540.701    0.769   -1.623  246.817  750.172  504.104  -42.543
  1767.529   -1.158   -2.939   34.619   48.633   42.044   65.885   28.053
    65.656]]
examples all equal:  True
******************************
/eos/project/d/dshep/TOPCLASS/DijetAnomaly/VAE_results/run_101/sample_results/minl1l2_loss/q50 == /eos/project/d/dshep/TOPCLASS/DijetAnomaly/VAE_results/run_101/sample_results/minl1l2_loss/q70: True
**************************************************
comparing GtoWW15na samples in /eos/project/d/dshep/TOPCLASS/DijetAnomaly/VAE_results/run_101/sample_results/minl1l2_loss/q50 and /eos/project/d/dshep/TOPCLASS/DijetAnomaly/VAE_results/run_101/sample_results/minl1l2_loss/q70
**************************************************
reading /eos/project/d/dshep/TOPCLASS/DijetAnomaly/VAE_results/run_101/sample_results/minl1l2_loss/q50/RSGraviton_WW_NARROW_13TeV_PU40_1.5TeV_parts

448032 events read in 1 files in dir /eos/project/d/dshep/TOPCLASS/DijetAnomaly/VAE_results/run_101/sample_results/minl1l2_loss/q50/RSGraviton_WW_NARROW_13TeV_PU40_1.5TeV_parts
reading /eos/project/d/dshep/TOPCLASS/DijetAnomaly/VAE_results/run_101/sample_results/minl1l2_loss/q70/RSGraviton_WW_NARROW_13TeV_PU40_1.5TeV_parts

448032 events read in 1 files in dir /eos/project/d/dshep/TOPCLASS/DijetAnomaly/VAE_results/run_101/sample_results/minl1l2_loss/q70/RSGraviton_WW_NARROW_13TeV_PU40_1.5TeV_parts
-- this:  [[1438.712  737.959   -0.11    -0.267   81.404  746.838  442.39   163.512
  1029.148    1.364    3.012   52.02    28.609   22.154   64.552   45.281
    67.388]
 [1466.809  770.691   -0.379    1.172    9.192  826.743  690.191   85.867
   786.258    0.13     3.111   98.359   22.573   15.635   69.377   91.484
    68.75 ]
 [1105.836  749.742   -0.894   -1.452   66.915 1072.294  404.005   41.753
   609.02     0.071   -3.058   42.901   71.007   64.408   65.988   36.047
    68.535]
 [1389.382  751.331    0.775   -2.679  109.75   994.589  632.189   51.07
   774.109    0.121    3.051   23.681   43.413   36.808   66.055   16.144
    75.372]]
-- other:  [[1438.712  737.959   -0.11    -0.267   81.404  746.838  442.39   163.512
  1029.148    1.364    3.012   52.02    28.609   22.154   64.552   45.281
    67.388]
 [1466.809  770.691   -0.379    1.172    9.192  826.743  690.191   85.867
   786.258    0.13     3.111   98.359   22.573   15.635   69.377   91.484
    68.75 ]
 [1105.836  749.742   -0.894   -1.452   66.915 1072.294  404.005   41.753
   609.02     0.071   -3.058   42.901   71.007   64.408   65.988   36.047
    68.535]
 [1389.382  751.331    0.775   -2.679  109.75   994.589  632.189   51.07
   774.109    0.121    3.051   23.681   43.413   36.808   66.055   16.144
    75.372]]
examples all equal:  True
******************************
/eos/project/d/dshep/TOPCLASS/DijetAnomaly/VAE_results/run_101/sample_results/minl1l2_loss/q50 == /eos/project/d/dshep/TOPCLASS/DijetAnomaly/VAE_results/run_101/sample_results/minl1l2_loss/q70: True
**************************************************
comparing GtoWW25na samples in /eos/project/d/dshep/TOPCLASS/DijetAnomaly/VAE_results/run_101/sample_results/minl1l2_loss/q50 and /eos/project/d/dshep/TOPCLASS/DijetAnomaly/VAE_results/run_101/sample_results/minl1l2_loss/q70
**************************************************
reading /eos/project/d/dshep/TOPCLASS/DijetAnomaly/VAE_results/run_101/sample_results/minl1l2_loss/q50/RSGraviton_WW_NARROW_13TeV_PU40_2.5TeV_parts

512505 events read in 1 files in dir /eos/project/d/dshep/TOPCLASS/DijetAnomaly/VAE_results/run_101/sample_results/minl1l2_loss/q50/RSGraviton_WW_NARROW_13TeV_PU40_2.5TeV_parts
reading /eos/project/d/dshep/TOPCLASS/DijetAnomaly/VAE_results/run_101/sample_results/minl1l2_loss/q70/RSGraviton_WW_NARROW_13TeV_PU40_2.5TeV_parts

512505 events read in 1 files in dir /eos/project/d/dshep/TOPCLASS/DijetAnomaly/VAE_results/run_101/sample_results/minl1l2_loss/q70/RSGraviton_WW_NARROW_13TeV_PU40_2.5TeV_parts
-- this:  [[2519.497 1266.15    -0.049   -0.592   71.409 1269.694 1234.03    28.001
  1255.577   -0.234    3.138   58.965   56.768   47.468   92.996   50.877
    80.876]
 [2401.145 1124.065   -0.689   -2.946  -33.294 1401.282 1091.716   43.388
  1101.473   -0.817    3.049   64.553  100.65    93.547   71.034   56.793
    77.598]
 [2284.912 1165.159   -0.498   -2.477  -64.363 1310.827 1026.178   81.836
  1036.204   -0.613   -2.977  261.958   49.253   41.597   76.564  254.563
    73.959]
 [2246.887 1319.153   -0.172    1.996  193.839 1352.687  944.428  -27.29
   948.165   -0.079    3.079  162.474   57.445   49.48    79.645  155.013
    74.608]]
-- other:  [[2519.497 1266.15    -0.049   -0.592   71.409 1269.694 1234.03    28.001
  1255.577   -0.234    3.138   58.965   56.768   47.468   92.996   50.877
    80.876]
 [2401.145 1124.065   -0.689   -2.946  -33.294 1401.282 1091.716   43.388
  1101.473   -0.817    3.049   64.553  100.65    93.547   71.034   56.793
    77.598]
 [2284.912 1165.159   -0.498   -2.477  -64.363 1310.827 1026.178   81.836
  1036.204   -0.613   -2.977  261.958   49.253   41.597   76.564  254.563
    73.959]
 [2246.887 1319.153   -0.172    1.996  193.839 1352.687  944.428  -27.29
   948.165   -0.079    3.079  162.474   57.445   49.48    79.645  155.013
    74.608]]
examples all equal:  True
******************************
/eos/project/d/dshep/TOPCLASS/DijetAnomaly/VAE_results/run_101/sample_results/minl1l2_loss/q50 == /eos/project/d/dshep/TOPCLASS/DijetAnomaly/VAE_results/run_101/sample_results/minl1l2_loss/q70: True
**************************************************
comparing GtoWW35na samples in /eos/project/d/dshep/TOPCLASS/DijetAnomaly/VAE_results/run_101/sample_results/minl1l2_loss/q50 and /eos/project/d/dshep/TOPCLASS/DijetAnomaly/VAE_results/run_101/sample_results/minl1l2_loss/q70
**************************************************
reading /eos/project/d/dshep/TOPCLASS/DijetAnomaly/VAE_results/run_101/sample_results/minl1l2_loss/q50/RSGraviton_WW_NARROW_13TeV_PU40_3.5TeV_parts

515489 events read in 1 files in dir /eos/project/d/dshep/TOPCLASS/DijetAnomaly/VAE_results/run_101/sample_results/minl1l2_loss/q50/RSGraviton_WW_NARROW_13TeV_PU40_3.5TeV_parts
reading /eos/project/d/dshep/TOPCLASS/DijetAnomaly/VAE_results/run_101/sample_results/minl1l2_loss/q70/RSGraviton_WW_NARROW_13TeV_PU40_3.5TeV_parts

515489 events read in 1 files in dir /eos/project/d/dshep/TOPCLASS/DijetAnomaly/VAE_results/run_101/sample_results/minl1l2_loss/q70/RSGraviton_WW_NARROW_13TeV_PU40_3.5TeV_parts
-- this:  [[3933.131 1998.89    -0.961    1.779   42.485 2996.12  1653.634  363.281
  1733.226   -0.739   -3.1    342.273  139.58   131.316   82.64   334.327
    79.466]
 [3401.641 1458.081    0.719   -1.192   30.317 1851.782 1349.745   78.016
  1569.019    1.279    3.141   85.471   31.687   21.856   98.305   75.937
    95.347]
 [3153.24  1625.206   -0.534   -1.841  108.042 1865.997 1516.616   76.07
  1637.002   -0.141    3.138  152.677  108.359  100.545   78.136  145.389
    72.885]
 [3505.252 1587.544    0.184   -2.932   53.625 1615.272 1528.998  253.459
  2039.45     0.968    3.124  244.919   82.853   74.281   85.718  236.842
    80.769]]
-- other:  [[3933.131 1998.89    -0.961    1.779   42.485 2996.12  1653.634  363.281
  1733.226   -0.739   -3.1    342.273  139.58   131.316   82.64   334.327
    79.466]
 [3401.641 1458.081    0.719   -1.192   30.317 1851.782 1349.745   78.016
  1569.019    1.279    3.141   85.471   31.687   21.856   98.305   75.937
    95.347]
 [3153.24  1625.206   -0.534   -1.841  108.042 1865.997 1516.616   76.07
  1637.002   -0.141    3.138  152.677  108.359  100.545   78.136  145.389
    72.885]
 [3505.252 1587.544    0.184   -2.932   53.625 1615.272 1528.998  253.459
  2039.45     0.968    3.124  244.919   82.853   74.281   85.718  236.842
    80.769]]
examples all equal:  True
******************************
/eos/project/d/dshep/TOPCLASS/DijetAnomaly/VAE_results/run_101/sample_results/minl1l2_loss/q50 == /eos/project/d/dshep/TOPCLASS/DijetAnomaly/VAE_results/run_101/sample_results/minl1l2_loss/q70: True
**************************************************
comparing GtoWW45na samples in /eos/project/d/dshep/TOPCLASS/DijetAnomaly/VAE_results/run_101/sample_results/minl1l2_loss/q50 and /eos/project/d/dshep/TOPCLASS/DijetAnomaly/VAE_results/run_101/sample_results/minl1l2_loss/q70
**************************************************
reading /eos/project/d/dshep/TOPCLASS/DijetAnomaly/VAE_results/run_101/sample_results/minl1l2_loss/q50/RSGraviton_WW_NARROW_13TeV_PU40_4.5TeV_parts

432356 events read in 1 files in dir /eos/project/d/dshep/TOPCLASS/DijetAnomaly/VAE_results/run_101/sample_results/minl1l2_loss/q50/RSGraviton_WW_NARROW_13TeV_PU40_4.5TeV_parts
reading /eos/project/d/dshep/TOPCLASS/DijetAnomaly/VAE_results/run_101/sample_results/minl1l2_loss/q70/RSGraviton_WW_NARROW_13TeV_PU40_4.5TeV_parts

432356 events read in 1 files in dir /eos/project/d/dshep/TOPCLASS/DijetAnomaly/VAE_results/run_101/sample_results/minl1l2_loss/q70/RSGraviton_WW_NARROW_13TeV_PU40_4.5TeV_parts
-- this:  [[4474.281 2276.733   -0.051   -0.815  124.219 2283.087 2146.885   18.997
  2214.104   -0.301   -3.1    202.157  340.335  329.508  108.271  188.449
   137.081]
 [3760.474 2060.099    0.344    1.026  117.211 2186.14  1398.334   14.897
  2661.357   -0.915    3.135  131.408  280.999  273.014   79.847  121.881
    95.276]
 [4758.253 2461.845   -0.204    2.878  204.221 2521.593 2156.729   69.855
  2700.644    0.491   -3.127  139.834  622.396  611.333  110.631  123.197
   166.374]
 [1854.335 1703.295   -0.043   -1.388  -29.036 1704.625  501.225   30.943
   621.278    0.634   -2.506  625.895   31.092   24.549   65.424  616.833
    90.619]]
-- other:  [[4474.281 2276.733   -0.051   -0.815  124.219 2283.087 2146.885   18.997
  2214.104   -0.301   -3.1    202.157  340.335  329.508  108.271  188.449
   137.081]
 [3760.474 2060.099    0.344    1.026  117.211 2186.14  1398.334   14.897
  2661.357   -0.915    3.135  131.408  280.999  273.014   79.847  121.881
    95.276]
 [4758.253 2461.845   -0.204    2.878  204.221 2521.593 2156.729   69.855
  2700.644    0.491   -3.127  139.834  622.396  611.333  110.631  123.197
   166.374]
 [1854.335 1703.295   -0.043   -1.388  -29.036 1704.625  501.225   30.943
   621.278    0.634   -2.506  625.895   31.092   24.549   65.424  616.833
    90.619]]
examples all equal:  True
******************************
/eos/project/d/dshep/TOPCLASS/DijetAnomaly/VAE_results/run_101/sample_results/minl1l2_loss/q50 == /eos/project/d/dshep/TOPCLASS/DijetAnomaly/VAE_results/run_101/sample_results/minl1l2_loss/q70: True
**************************************************
comparing qcdSigAll samples in /eos/project/d/dshep/TOPCLASS/DijetAnomaly/VAE_results/run_101/sample_results/minl1l2_loss/q70 and /eos/project/d/dshep/TOPCLASS/DijetAnomaly/VAE_results/run_101/sample_results/minl1l2_loss/q90
**************************************************
reading /eos/project/d/dshep/TOPCLASS/DijetAnomaly/VAE_results/run_101/sample_results/minl1l2_loss/q70/qcd_sqrtshatTeV_13TeV_PU40_ALL_parts

3725780 events read in 1 files in dir /eos/project/d/dshep/TOPCLASS/DijetAnomaly/VAE_results/run_101/sample_results/minl1l2_loss/q70/qcd_sqrtshatTeV_13TeV_PU40_ALL_parts
reading /eos/project/d/dshep/TOPCLASS/DijetAnomaly/VAE_results/run_101/sample_results/minl1l2_loss/q90/qcd_sqrtshatTeV_13TeV_PU40_ALL_parts

3725780 events read in 1 files in dir /eos/project/d/dshep/TOPCLASS/DijetAnomaly/VAE_results/run_101/sample_results/minl1l2_loss/q90/qcd_sqrtshatTeV_13TeV_PU40_ALL_parts
-- this:  [[1978.817  938.576   -0.091    0.936   26.146  942.835  751.539  147.303
  1229.367   -1.157    3.122   33.512   51.48    44.711   67.691   26.271
    72.408]
 [1233.579  575.153    0.26    -1.466  -40.234  593.294  548.329   64.192
   945.801   -0.879    3.066   22.065   36.637   30.034   66.031   15.331
    67.344]
 [1340.166  649.324    0.514    1.165  122.664  747.012  639.199  -26.235
   989.899   -0.492    3.111   39.164   26.945   20.319   66.257   32.688
    64.756]
 [1320.701  587.903   -0.514   -1.126  -37.918  666.203  538.254  -74.504
   657.26    -1.178    3.124   54.045  102.996   96.156   68.4     47.325
    67.205]]
-- other:  [[1978.817  938.576   -0.091    0.936   26.146  942.835  751.539  147.303
  1229.367   -1.157    3.122   33.512   51.48    44.711   67.691   26.271
    72.408]
 [1233.579  575.153    0.26    -1.466  -40.234  593.294  548.329   64.192
   945.801   -0.879    3.066   22.065   36.637   30.034   66.031   15.331
    67.344]
 [1340.166  649.324    0.514    1.165  122.664  747.012  639.199  -26.235
   989.899   -0.492    3.111   39.164   26.945   20.319   66.257   32.688
    64.756]
 [1320.701  587.903   -0.514   -1.126  -37.918  666.203  538.254  -74.504
   657.26    -1.178    3.124   54.045  102.996   96.156   68.4     47.325
    67.205]]
examples all equal:  True
******************************
/eos/project/d/dshep/TOPCLASS/DijetAnomaly/VAE_results/run_101/sample_results/minl1l2_loss/q70 == /eos/project/d/dshep/TOPCLASS/DijetAnomaly/VAE_results/run_101/sample_results/minl1l2_loss/q90: True
**************************************************
comparing GtoWW15na samples in /eos/project/d/dshep/TOPCLASS/DijetAnomaly/VAE_results/run_101/sample_results/minl1l2_loss/q70 and /eos/project/d/dshep/TOPCLASS/DijetAnomaly/VAE_results/run_101/sample_results/minl1l2_loss/q90
**************************************************
reading /eos/project/d/dshep/TOPCLASS/DijetAnomaly/VAE_results/run_101/sample_results/minl1l2_loss/q70/RSGraviton_WW_NARROW_13TeV_PU40_1.5TeV_parts

448032 events read in 1 files in dir /eos/project/d/dshep/TOPCLASS/DijetAnomaly/VAE_results/run_101/sample_results/minl1l2_loss/q70/RSGraviton_WW_NARROW_13TeV_PU40_1.5TeV_parts
reading /eos/project/d/dshep/TOPCLASS/DijetAnomaly/VAE_results/run_101/sample_results/minl1l2_loss/q90/RSGraviton_WW_NARROW_13TeV_PU40_1.5TeV_parts

448032 events read in 1 files in dir /eos/project/d/dshep/TOPCLASS/DijetAnomaly/VAE_results/run_101/sample_results/minl1l2_loss/q90/RSGraviton_WW_NARROW_13TeV_PU40_1.5TeV_parts
-- this:  [[1535.917  825.276   -0.001   -1.29    51.427  826.878  481.427   92.661
   957.108    1.303   -2.877   25.947   24.478   17.594   68.835   18.914
    70.333]
 [1354.699  695.468    0.434    0.82    68.626  764.977  626.151  -59.239
   624.472    0.494   -2.951   34.155   72.271   65.268   70.035   27.475
    66.8  ]
 [1456.941  682.855    1.42    -2.497   68.122 1496.348  658.811   76.698
   793.263    0.8     -3.043   25.09    37.675   30.349   73.264   18.07
    70.21 ]
 [1637.298  869.628    0.501    2.14    26.569  981.419  727.946  133.195
  1068.493   -0.421   -3.101   31.324   32.564   25.636   69.282   23.917
    74.064]]
-- other:  [[1535.917  825.276   -0.001   -1.29    51.427  826.878  481.427   92.661
   957.108    1.303   -2.877   25.947   24.478   17.594   68.835   18.914
    70.333]
 [1354.699  695.468    0.434    0.82    68.626  764.977  626.151  -59.239
   624.472    0.494   -2.951   34.155   72.271   65.268   70.035   27.475
    66.8  ]
 [1456.941  682.855    1.42    -2.497   68.122 1496.348  658.811   76.698
   793.263    0.8     -3.043   25.09    37.675   30.349   73.264   18.07
    70.21 ]
 [1637.298  869.628    0.501    2.14    26.569  981.419  727.946  133.195
  1068.493   -0.421   -3.101   31.324   32.564   25.636   69.282   23.917
    74.064]]
examples all equal:  True
******************************
/eos/project/d/dshep/TOPCLASS/DijetAnomaly/VAE_results/run_101/sample_results/minl1l2_loss/q70 == /eos/project/d/dshep/TOPCLASS/DijetAnomaly/VAE_results/run_101/sample_results/minl1l2_loss/q90: True
**************************************************
comparing GtoWW25na samples in /eos/project/d/dshep/TOPCLASS/DijetAnomaly/VAE_results/run_101/sample_results/minl1l2_loss/q70 and /eos/project/d/dshep/TOPCLASS/DijetAnomaly/VAE_results/run_101/sample_results/minl1l2_loss/q90
**************************************************
reading /eos/project/d/dshep/TOPCLASS/DijetAnomaly/VAE_results/run_101/sample_results/minl1l2_loss/q70/RSGraviton_WW_NARROW_13TeV_PU40_2.5TeV_parts

512505 events read in 1 files in dir /eos/project/d/dshep/TOPCLASS/DijetAnomaly/VAE_results/run_101/sample_results/minl1l2_loss/q70/RSGraviton_WW_NARROW_13TeV_PU40_2.5TeV_parts
reading /eos/project/d/dshep/TOPCLASS/DijetAnomaly/VAE_results/run_101/sample_results/minl1l2_loss/q90/RSGraviton_WW_NARROW_13TeV_PU40_2.5TeV_parts

512505 events read in 1 files in dir /eos/project/d/dshep/TOPCLASS/DijetAnomaly/VAE_results/run_101/sample_results/minl1l2_loss/q90/RSGraviton_WW_NARROW_13TeV_PU40_2.5TeV_parts
-- this:  [[2494.234 1266.397    0.458   -1.41    81.032 1404.002 1220.276   77.905
  1415.423   -0.097    3.135   70.662  112.509  104.315   81.943   62.9
    77.616]
 [2127.021 1099.58    -0.309   -1.819   90.75  1156.155  964.603   79.677
  1286.727    0.484   -3.11   112.414   60.382   53.193   71.885  104.924
    74.901]
 [2215.776 1016.359    0.744   -2.158   67.836 1312.359  966.497   71.791
  2722.385   -0.952    3.139   31.067   41.511   34.494   70.175   23.9
    71.671]
 [2587.434 1317.09    -0.621   -0.477   77.011 1580.882 1144.345   88.166
  1148.392   -0.655   -2.996   70.407   67.838   60.816   70.221   62.283
    81.242]]
-- other:  [[2494.234 1266.397    0.458   -1.41    81.032 1404.002 1220.276   77.905
  1415.423   -0.097    3.135   70.662  112.509  104.315   81.943   62.9
    77.616]
 [2127.021 1099.58    -0.309   -1.819   90.75  1156.155  964.603   79.677
  1286.727    0.484   -3.11   112.414   60.382   53.193   71.885  104.924
    74.901]
 [2215.776 1016.359    0.744   -2.158   67.836 1312.359  966.497   71.791
  2722.385   -0.952    3.139   31.067   41.511   34.494   70.175   23.9
    71.671]
 [2587.434 1317.09    -0.621   -0.477   77.011 1580.882 1144.345   88.166
  1148.392   -0.655   -2.996   70.407   67.838   60.816   70.221   62.283
    81.242]]
examples all equal:  True
******************************
/eos/project/d/dshep/TOPCLASS/DijetAnomaly/VAE_results/run_101/sample_results/minl1l2_loss/q70 == /eos/project/d/dshep/TOPCLASS/DijetAnomaly/VAE_results/run_101/sample_results/minl1l2_loss/q90: True
**************************************************
comparing GtoWW35na samples in /eos/project/d/dshep/TOPCLASS/DijetAnomaly/VAE_results/run_101/sample_results/minl1l2_loss/q70 and /eos/project/d/dshep/TOPCLASS/DijetAnomaly/VAE_results/run_101/sample_results/minl1l2_loss/q90
**************************************************
reading /eos/project/d/dshep/TOPCLASS/DijetAnomaly/VAE_results/run_101/sample_results/minl1l2_loss/q70/RSGraviton_WW_NARROW_13TeV_PU40_3.5TeV_parts

515489 events read in 1 files in dir /eos/project/d/dshep/TOPCLASS/DijetAnomaly/VAE_results/run_101/sample_results/minl1l2_loss/q70/RSGraviton_WW_NARROW_13TeV_PU40_3.5TeV_parts
reading /eos/project/d/dshep/TOPCLASS/DijetAnomaly/VAE_results/run_101/sample_results/minl1l2_loss/q90/RSGraviton_WW_NARROW_13TeV_PU40_3.5TeV_parts

515489 events read in 1 files in dir /eos/project/d/dshep/TOPCLASS/DijetAnomaly/VAE_results/run_101/sample_results/minl1l2_loss/q90/RSGraviton_WW_NARROW_13TeV_PU40_3.5TeV_parts
-- this:  [[2889.32  1643.973   -0.062   -2.371  -78.827 1645.265 1265.987  -21.555
  1274.307   -0.178    3.02   252.545   60.789   51.658   91.306  243.729
    88.167]
 [2625.002 1658.389   -0.581    2.904   57.991 1947.154  936.832   73.36
   941.238   -0.638   -3.125   55.579   72.879   66.12    67.59    45.866
    97.129]
 [3478.342 1540.884    0.671   -2.162   39.198 1901.211 1278.555  211.071
  1592.126    1.343   -3.128   36.332   83.507   76.26    72.462   24.414
   119.186]
 [3788.899 1568.016    1.185   -0.915   36.604 2804.02  1481.525  202.439
  1516.139    1.353    3.141  124.441   69.398   60.82    85.774  117.066
    73.754]]
-- other:  [[2889.32  1643.973   -0.062   -2.371  -78.827 1645.265 1265.987  -21.555
  1274.307   -0.178    3.02   252.545   60.789   51.658   91.306  243.729
    88.167]
 [2625.002 1658.389   -0.581    2.904   57.991 1947.154  936.832   73.36
   941.238   -0.638   -3.125   55.579   72.879   66.12    67.59    45.866
    97.129]
 [3478.342 1540.884    0.671   -2.162   39.198 1901.211 1278.555  211.071
  1592.126    1.343   -3.128   36.332   83.507   76.26    72.462   24.414
   119.186]
 [3788.899 1568.016    1.185   -0.915   36.604 2804.02  1481.525  202.439
  1516.139    1.353    3.141  124.441   69.398   60.82    85.774  117.066
    73.754]]
examples all equal:  True
******************************
/eos/project/d/dshep/TOPCLASS/DijetAnomaly/VAE_results/run_101/sample_results/minl1l2_loss/q70 == /eos/project/d/dshep/TOPCLASS/DijetAnomaly/VAE_results/run_101/sample_results/minl1l2_loss/q90: True
**************************************************
comparing GtoWW45na samples in /eos/project/d/dshep/TOPCLASS/DijetAnomaly/VAE_results/run_101/sample_results/minl1l2_loss/q70 and /eos/project/d/dshep/TOPCLASS/DijetAnomaly/VAE_results/run_101/sample_results/minl1l2_loss/q90
**************************************************
reading /eos/project/d/dshep/TOPCLASS/DijetAnomaly/VAE_results/run_101/sample_results/minl1l2_loss/q70/RSGraviton_WW_NARROW_13TeV_PU40_4.5TeV_parts

432356 events read in 1 files in dir /eos/project/d/dshep/TOPCLASS/DijetAnomaly/VAE_results/run_101/sample_results/minl1l2_loss/q70/RSGraviton_WW_NARROW_13TeV_PU40_4.5TeV_parts
reading /eos/project/d/dshep/TOPCLASS/DijetAnomaly/VAE_results/run_101/sample_results/minl1l2_loss/q90/RSGraviton_WW_NARROW_13TeV_PU40_4.5TeV_parts

432356 events read in 1 files in dir /eos/project/d/dshep/TOPCLASS/DijetAnomaly/VAE_results/run_101/sample_results/minl1l2_loss/q90/RSGraviton_WW_NARROW_13TeV_PU40_4.5TeV_parts
-- this:  [[4652.308 2465.696    0.447    2.151  -30.77  2715.814 2167.516   40.121
  2221.326    0.225   -3.103  646.919  747.606  737.284  103.225  635.546
   113.728]
 [4359.529 2313.555    0.203    2.166   72.838 2362.38  1992.958   78.747
  2013.451    0.341    3.127  211.701  144.307  135.281   90.261  199.892
   118.082]
 [3532.438 1837.899    0.106    1.674   76.461 1849.825 1639.342   74.219
  1695.81     0.364   -3.139   86.753   47.251   37.574   96.768   76.821
    99.316]
 [4702.749 2444.679   -0.313   -1.158  120.192 2568.586 2258.814  -37.975
  2352.744   -0.026   -3.13   911.382  216.614  205.927  106.872  900.427
   109.551]]
-- other:  [[4652.308 2465.696    0.447    2.151  -30.77  2715.814 2167.516   40.121
  2221.326    0.225   -3.103  646.919  747.606  737.284  103.225  635.546
   113.728]
 [4359.529 2313.555    0.203    2.166   72.838 2362.38  1992.958   78.747
  2013.451    0.341    3.127  211.701  144.307  135.281   90.261  199.892
   118.082]
 [3532.438 1837.899    0.106    1.674   76.461 1849.825 1639.342   74.219
  1695.81     0.364   -3.139   86.753   47.251   37.574   96.768   76.821
    99.316]
 [4702.749 2444.679   -0.313   -1.158  120.192 2568.586 2258.814  -37.975
  2352.744   -0.026   -3.13   911.382  216.614  205.927  106.872  900.427
   109.551]]
examples all equal:  True
******************************
/eos/project/d/dshep/TOPCLASS/DijetAnomaly/VAE_results/run_101/sample_results/minl1l2_loss/q70 == /eos/project/d/dshep/TOPCLASS/DijetAnomaly/VAE_results/run_101/sample_results/minl1l2_loss/q90: True
